#
# There is insufficient memory for the Java Runtime Environment to continue.
# Native memory allocation (malloc) failed to allocate 1104016 bytes. Error detail: Chunk::new
# Possible reasons:
#   The system is out of physical RAM or swap space
#   This process is running with CompressedOops enabled, and the Java Heap may be blocking the growth of the native heap
# Possible solutions:
#   Reduce memory load on the system
#   Increase physical memory or swap space
#   Check if swap backing store is full
#   Decrease Java heap size (-Xmx/-Xms)
#   Decrease number of Java threads
#   Decrease Java thread stack sizes (-Xss)
#   Set larger code cache with -XX:ReservedCodeCacheSize=
#   JVM is running with Zero Based Compressed Oops mode in which the Java heap is
#     placed in the first 32GB address space. The Java Heap base address is the
#     maximum limit for the native heap growth. Please use -XX:HeapBaseMinAddress
#     to set the Java Heap base and to place the Java Heap above 32GB virtual address.
# This output file may be truncated or incomplete.
#
#  Out of Memory Error (arena.cpp:149), pid=17056, tid=9956
#
# JRE version: Java(TM) SE Runtime Environment (23.0.1+11) (build 23.0.1+11-39)
# Java VM: Java HotSpot(TM) 64-Bit Server VM (23.0.1+11-39, mixed mode, sharing, tiered, compressed oops, compressed class ptrs, g1 gc, windows-amd64)
# No core dump will be written. Minidumps are not enabled by default on client versions of Windows
#

---------------  S U M M A R Y ------------

Command Line: -javaagent:C:\Users\girijesh.pandey\AppData\Local\JetBrains\IdeaIC2025.2\captureAgent\debugger-agent.jar=file:///C:/Users/GIRIJE~1.PAN/AppData/Local/Temp/capture18101923718849212477.props -ea -Didea.test.cyclic.buffer.size=1048576 -javaagent:C:\Users\girijesh.pandey\AppData\Local\Programs\IntelliJ IDEA Community Edition 2025.2\lib\idea_rt.jar=61136 -Dkotlinx.coroutines.debug.enable.creation.stack.trace=false -Ddebugger.agent.enable.coroutines=true -Dkotlinx.coroutines.debug.enable.flows.stack.trace=true -Dkotlinx.coroutines.debug.enable.mutable.state.flows.stack.trace=true -Dfile.encoding=UTF-8 -Dsun.stdout.encoding=UTF-8 -Dsun.stderr.encoding=UTF-8 com.intellij.rt.testng.RemoteTestNGStarter -usedefaultlisteners false -socket61135 @w@C:\Users\girijesh.pandey\AppData\Local\Temp\idea_working_dirs_testng.tmp -temp C:\Users\girijesh.pandey\AppData\Local\Temp\idea_testng.tmp

Host: 11th Gen Intel(R) Core(TM) i5-1135G7 @ 2.40GHz, 8 cores, 15G,  Windows 11 , 64 bit Build 26100 (10.0.26100.4484)
Time: Tue Aug 26 20:43:05 2025 India Standard Time elapsed time: 6.706634 seconds (0d 0h 0m 6s)

---------------  T H R E A D  ---------------

Current thread (0x000001c8721be7b0):  JavaThread "C2 CompilerThread1" daemon [_thread_in_native, id=9956, stack(0x000000886fc00000,0x000000886fd00000) (1024K)]


Current CompileTask:
C2:6706 2055       4       java.lang.invoke.MethodType::makeImpl (109 bytes)

Stack: [0x000000886fc00000,0x000000886fd00000]
Native frames: (J=compiled Java code, j=interpreted, Vv=VM code, C=native code)
V  [jvm.dll+0x6e08b9]  (no source info available)
V  [jvm.dll+0x87dc83]  (no source info available)
V  [jvm.dll+0x88010e]  (no source info available)
V  [jvm.dll+0x8807e3]  (no source info available)
V  [jvm.dll+0x27aee6]  (no source info available)
V  [jvm.dll+0xbc06f]  (no source info available)
V  [jvm.dll+0xbc2cb]  (no source info available)
V  [jvm.dll+0x2ee94d]  (no source info available)
V  [jvm.dll+0x6063d9]  (no source info available)
V  [jvm.dll+0x24ddf2]  (no source info available)
V  [jvm.dll+0x24e1d5]  (no source info available)
V  [jvm.dll+0x246b54]  (no source info available)
V  [jvm.dll+0x243d04]  (no source info available)
V  [jvm.dll+0x1c33a0]  (no source info available)
V  [jvm.dll+0x253cf1]  (no source info available)
V  [jvm.dll+0x251faa]  (no source info available)
V  [jvm.dll+0x3ee036]  (no source info available)
V  [jvm.dll+0x824f8b]  (no source info available)
V  [jvm.dll+0x6df065]  (no source info available)
C  [ucrtbase.dll+0x37b0]  (no source info available)
C  [KERNEL32.DLL+0x2e8d7]  (no source info available)
C  [ntdll.dll+0x3c34c]  (no source info available)

Lock stack of current Java thread (top to bottom):


---------------  P R O C E S S  ---------------

Threads class SMR info:
_java_thread_list=0x000001c873213e40, length=14, elements={
0x000001c80ade6a90, 0x000001c82c6600f0, 0x000001c82c662d60, 0x000001c82c666210,
0x000001c82c666c70, 0x000001c82c6676d0, 0x000001c82c668260, 0x000001c82c678650,
0x000001c82c679230, 0x000001c82c872410, 0x000001c82caddf80, 0x000001c872016f10,
0x000001c8720439a0, 0x000001c8721be7b0
}

Java Threads: ( => current thread )
  0x000001c80ade6a90 JavaThread "main"                              [_thread_in_native, id=15324, stack(0x000000886e800000,0x000000886e900000) (1024K)]
  0x000001c82c6600f0 JavaThread "Reference Handler"          daemon [_thread_blocked, id=18452, stack(0x000000886f000000,0x000000886f100000) (1024K)]
  0x000001c82c662d60 JavaThread "Finalizer"                  daemon [_thread_blocked, id=5760, stack(0x000000886f100000,0x000000886f200000) (1024K)]
  0x000001c82c666210 JavaThread "Signal Dispatcher"          daemon [_thread_blocked, id=22752, stack(0x000000886f200000,0x000000886f300000) (1024K)]
  0x000001c82c666c70 JavaThread "Attach Listener"            daemon [_thread_blocked, id=13344, stack(0x000000886f300000,0x000000886f400000) (1024K)]
  0x000001c82c6676d0 JavaThread "Service Thread"             daemon [_thread_blocked, id=23900, stack(0x000000886f400000,0x000000886f500000) (1024K)]
  0x000001c82c668260 JavaThread "Monitor Deflation Thread"   daemon [_thread_blocked, id=21664, stack(0x000000886f500000,0x000000886f600000) (1024K)]
  0x000001c82c678650 JavaThread "C2 CompilerThread0"         daemon [_thread_blocked, id=14516, stack(0x000000886f600000,0x000000886f700000) (1024K)]
  0x000001c82c679230 JavaThread "C1 CompilerThread0"         daemon [_thread_in_native, id=9884, stack(0x000000886f700000,0x000000886f800000) (1024K)]
  0x000001c82c872410 JavaThread "Common-Cleaner"             daemon [_thread_blocked, id=8084, stack(0x000000886f800000,0x000000886f900000) (1024K)]
  0x000001c82caddf80 JavaThread "IntelliJ Suspend Helper"    daemon [_thread_blocked, id=21100, stack(0x000000886f900000,0x000000886fa00000) (1024K)]
  0x000001c872016f10 JavaThread "Monitor Ctrl-Break"         daemon [_thread_in_native, id=14256, stack(0x000000886fa00000,0x000000886fb00000) (1024K)]
  0x000001c8720439a0 JavaThread "Notification Thread"        daemon [_thread_blocked, id=25680, stack(0x000000886fb00000,0x000000886fc00000) (1024K)]
=>0x000001c8721be7b0 JavaThread "C2 CompilerThread1"         daemon [_thread_in_native, id=9956, stack(0x000000886fc00000,0x000000886fd00000) (1024K)]
Total: 14

Other Threads:
  0x000001c82c63e490 VMThread "VM Thread"                           [id=7896, stack(0x000000886ef00000,0x000000886f000000) (1024K)]
  0x000001c82c62b380 WatcherThread "VM Periodic Task Thread"        [id=24148, stack(0x000000886ee00000,0x000000886ef00000) (1024K)]
  0x000001c80ae9df00 WorkerThread "GC Thread#0"                     [id=13032, stack(0x000000886e900000,0x000000886ea00000) (1024K)]
  0x000001c8730df1f0 WorkerThread "GC Thread#1"                     [id=24408, stack(0x000000886fe00000,0x000000886ff00000) (1024K)]
  0x000001c8730ddbd0 WorkerThread "GC Thread#2"                     [id=24116, stack(0x000000886ff00000,0x0000008870000000) (1024K)]
  0x000001c8730dd820 WorkerThread "GC Thread#3"                     [id=23100, stack(0x0000008870000000,0x0000008870100000) (1024K)]
  0x000001c8730de6e0 WorkerThread "GC Thread#4"                     [id=26052, stack(0x0000008870100000,0x0000008870200000) (1024K)]
  0x000001c8730de330 WorkerThread "GC Thread#5"                     [id=17492, stack(0x0000008870200000,0x0000008870300000) (1024K)]
  0x000001c8730dee40 WorkerThread "GC Thread#6"                     [id=9844, stack(0x0000008870300000,0x0000008870400000) (1024K)]
  0x000001c8730ddf80 WorkerThread "GC Thread#7"                     [id=8364, stack(0x0000008870400000,0x0000008870500000) (1024K)]
  0x000001c80ae9ebe0 ConcurrentGCThread "G1 Main Marker"            [id=19172, stack(0x000000886ea00000,0x000000886eb00000) (1024K)]
  0x000001c80d30bfb0 WorkerThread "G1 Conc#0"                       [id=4976, stack(0x000000886eb00000,0x000000886ec00000) (1024K)]
  0x000001c82c4f9df0 ConcurrentGCThread "G1 Refine#0"               [id=18664, stack(0x000000886ec00000,0x000000886ed00000) (1024K)]
  0x000001c82c4fa620 ConcurrentGCThread "G1 Service"                [id=18116, stack(0x000000886ed00000,0x000000886ee00000) (1024K)]
Total: 14

Threads with active compile tasks:
C1 CompilerThread0  6771 2346       3       java.lang.ClassLoader::getDefinedPackage (36 bytes)
C2 CompilerThread1  6771 2055       4       java.lang.invoke.MethodType::makeImpl (109 bytes)
Total: 2

VM state: not at safepoint (normal execution)

VM Mutex/Monitor currently owned by a thread: None

Heap address: 0x0000000705600000, size: 4010 MB, Compressed Oops mode: Zero based, Oop shift amount: 3

CDS archive(s) mapped at: [0x000001c82d000000-0x000001c82dd70000-0x000001c82dd70000), size 14090240, SharedBaseAddress: 0x000001c82d000000, ArchiveRelocationMode: 1.
Compressed class space mapped at: 0x000001c82e000000-0x000001c86e000000, reserved size: 1073741824
Narrow klass base: 0x000001c82d000000, Narrow klass shift: 0, Narrow klass range: 0x41000000

GC Precious Log:
 CardTable entry size: 512
 Card Set container configuration: InlinePtr #cards 4 size 8 Array Of Cards #cards 16 size 48 Howl #buckets 8 coarsen threshold 3686 Howl Bitmap #cards 512 size 80 coarsen threshold 460 Card regions per heap region 1 cards per card region 4096
 CPUs: 8 total, 8 available
 Memory: 16039M
 Large Page Support: Disabled
 NUMA Support: Disabled
 Compressed Oops: Enabled (Zero based)
 Heap Region Size: 2M
 Heap Min Capacity: 8M
 Heap Initial Capacity: 252M
 Heap Max Capacity: 4010M
 Pre-touch: Disabled
 Parallel Workers: 8
 Concurrent Workers: 2
 Concurrent Refinement Workers: 8
 Periodic GC: Disabled

Heap:
 garbage-first heap   total reserved 4106240K, committed 258048K, used 29079K [0x0000000705600000, 0x0000000800000000)
  region size 2048K, 13 young (26624K), 1 survivors (2048K)
 Metaspace       used 19254K, committed 19648K, reserved 1114112K
  class space    used 2177K, committed 2368K, reserved 1048576K

Heap Regions: E=young(eden), S=young(survivor), O=old, HS=humongous(starts), HC=humongous(continues), CS=collection set, F=free, TAMS=top-at-mark-start, PB=parsable bottom
|   0|0x0000000705600000, 0x0000000705800000, 0x0000000705800000|100%| O|  |TAMS 0x0000000705600000| PB 0x0000000705600000| Untracked |  0
|   1|0x0000000705800000, 0x0000000705a00000, 0x0000000705a00000|100%| O|  |TAMS 0x0000000705800000| PB 0x0000000705800000| Untracked |  0
|   2|0x0000000705a00000, 0x0000000705c00000, 0x0000000705c00000|100%| O|  |TAMS 0x0000000705a00000| PB 0x0000000705a00000| Untracked |  0
|   3|0x0000000705c00000, 0x0000000705d2ea58, 0x0000000705e00000| 59%| O|  |TAMS 0x0000000705c00000| PB 0x0000000705c00000| Untracked |  0
|   4|0x0000000705e00000, 0x0000000705e00000, 0x0000000706000000|  0%| F|  |TAMS 0x0000000705e00000| PB 0x0000000705e00000| Untracked |  0
|   5|0x0000000706000000, 0x0000000706000000, 0x0000000706200000|  0%| F|  |TAMS 0x0000000706000000| PB 0x0000000706000000| Untracked |  0
|   6|0x0000000706200000, 0x0000000706200000, 0x0000000706400000|  0%| F|  |TAMS 0x0000000706200000| PB 0x0000000706200000| Untracked |  0
|   7|0x0000000706400000, 0x0000000706400000, 0x0000000706600000|  0%| F|  |TAMS 0x0000000706400000| PB 0x0000000706400000| Untracked |  0
|   8|0x0000000706600000, 0x0000000706600000, 0x0000000706800000|  0%| F|  |TAMS 0x0000000706600000| PB 0x0000000706600000| Untracked |  0
|   9|0x0000000706800000, 0x0000000706800000, 0x0000000706a00000|  0%| F|  |TAMS 0x0000000706800000| PB 0x0000000706800000| Untracked |  0
|  10|0x0000000706a00000, 0x0000000706a00000, 0x0000000706c00000|  0%| F|  |TAMS 0x0000000706a00000| PB 0x0000000706a00000| Untracked |  0
|  11|0x0000000706c00000, 0x0000000706c00000, 0x0000000706e00000|  0%| F|  |TAMS 0x0000000706c00000| PB 0x0000000706c00000| Untracked |  0
|  12|0x0000000706e00000, 0x0000000706e00000, 0x0000000707000000|  0%| F|  |TAMS 0x0000000706e00000| PB 0x0000000706e00000| Untracked |  0
|  13|0x0000000707000000, 0x0000000707000000, 0x0000000707200000|  0%| F|  |TAMS 0x0000000707000000| PB 0x0000000707000000| Untracked |  0
|  14|0x0000000707200000, 0x0000000707200000, 0x0000000707400000|  0%| F|  |TAMS 0x0000000707200000| PB 0x0000000707200000| Untracked |  0
|  15|0x0000000707400000, 0x0000000707400000, 0x0000000707600000|  0%| F|  |TAMS 0x0000000707400000| PB 0x0000000707400000| Untracked |  0
|  16|0x0000000707600000, 0x0000000707600000, 0x0000000707800000|  0%| F|  |TAMS 0x0000000707600000| PB 0x0000000707600000| Untracked |  0
|  17|0x0000000707800000, 0x0000000707800000, 0x0000000707a00000|  0%| F|  |TAMS 0x0000000707800000| PB 0x0000000707800000| Untracked |  0
|  18|0x0000000707a00000, 0x0000000707a00000, 0x0000000707c00000|  0%| F|  |TAMS 0x0000000707a00000| PB 0x0000000707a00000| Untracked |  0
|  19|0x0000000707c00000, 0x0000000707c00000, 0x0000000707e00000|  0%| F|  |TAMS 0x0000000707c00000| PB 0x0000000707c00000| Untracked |  0
|  20|0x0000000707e00000, 0x0000000707e00000, 0x0000000708000000|  0%| F|  |TAMS 0x0000000707e00000| PB 0x0000000707e00000| Untracked |  0
|  21|0x0000000708000000, 0x0000000708000000, 0x0000000708200000|  0%| F|  |TAMS 0x0000000708000000| PB 0x0000000708000000| Untracked |  0
|  22|0x0000000708200000, 0x0000000708200000, 0x0000000708400000|  0%| F|  |TAMS 0x0000000708200000| PB 0x0000000708200000| Untracked |  0
|  23|0x0000000708400000, 0x0000000708400000, 0x0000000708600000|  0%| F|  |TAMS 0x0000000708400000| PB 0x0000000708400000| Untracked |  0
|  24|0x0000000708600000, 0x0000000708600000, 0x0000000708800000|  0%| F|  |TAMS 0x0000000708600000| PB 0x0000000708600000| Untracked |  0
|  25|0x0000000708800000, 0x0000000708800000, 0x0000000708a00000|  0%| F|  |TAMS 0x0000000708800000| PB 0x0000000708800000| Untracked |  0
|  26|0x0000000708a00000, 0x0000000708a00000, 0x0000000708c00000|  0%| F|  |TAMS 0x0000000708a00000| PB 0x0000000708a00000| Untracked |  0
|  27|0x0000000708c00000, 0x0000000708c00000, 0x0000000708e00000|  0%| F|  |TAMS 0x0000000708c00000| PB 0x0000000708c00000| Untracked |  0
|  28|0x0000000708e00000, 0x0000000708e00000, 0x0000000709000000|  0%| F|  |TAMS 0x0000000708e00000| PB 0x0000000708e00000| Untracked |  0
|  29|0x0000000709000000, 0x0000000709000000, 0x0000000709200000|  0%| F|  |TAMS 0x0000000709000000| PB 0x0000000709000000| Untracked |  0
|  30|0x0000000709200000, 0x0000000709200000, 0x0000000709400000|  0%| F|  |TAMS 0x0000000709200000| PB 0x0000000709200000| Untracked |  0
|  31|0x0000000709400000, 0x0000000709400000, 0x0000000709600000|  0%| F|  |TAMS 0x0000000709400000| PB 0x0000000709400000| Untracked |  0
|  32|0x0000000709600000, 0x0000000709600000, 0x0000000709800000|  0%| F|  |TAMS 0x0000000709600000| PB 0x0000000709600000| Untracked |  0
|  33|0x0000000709800000, 0x0000000709800000, 0x0000000709a00000|  0%| F|  |TAMS 0x0000000709800000| PB 0x0000000709800000| Untracked |  0
|  34|0x0000000709a00000, 0x0000000709a00000, 0x0000000709c00000|  0%| F|  |TAMS 0x0000000709a00000| PB 0x0000000709a00000| Untracked |  0
|  35|0x0000000709c00000, 0x0000000709c00000, 0x0000000709e00000|  0%| F|  |TAMS 0x0000000709c00000| PB 0x0000000709c00000| Untracked |  0
|  36|0x0000000709e00000, 0x0000000709e00000, 0x000000070a000000|  0%| F|  |TAMS 0x0000000709e00000| PB 0x0000000709e00000| Untracked |  0
|  37|0x000000070a000000, 0x000000070a000000, 0x000000070a200000|  0%| F|  |TAMS 0x000000070a000000| PB 0x000000070a000000| Untracked |  0
|  38|0x000000070a200000, 0x000000070a200000, 0x000000070a400000|  0%| F|  |TAMS 0x000000070a200000| PB 0x000000070a200000| Untracked |  0
|  39|0x000000070a400000, 0x000000070a400000, 0x000000070a600000|  0%| F|  |TAMS 0x000000070a400000| PB 0x000000070a400000| Untracked |  0
|  40|0x000000070a600000, 0x000000070a600000, 0x000000070a800000|  0%| F|  |TAMS 0x000000070a600000| PB 0x000000070a600000| Untracked |  0
|  41|0x000000070a800000, 0x000000070a800000, 0x000000070aa00000|  0%| F|  |TAMS 0x000000070a800000| PB 0x000000070a800000| Untracked |  0
|  42|0x000000070aa00000, 0x000000070aa00000, 0x000000070ac00000|  0%| F|  |TAMS 0x000000070aa00000| PB 0x000000070aa00000| Untracked |  0
|  43|0x000000070ac00000, 0x000000070ac00000, 0x000000070ae00000|  0%| F|  |TAMS 0x000000070ac00000| PB 0x000000070ac00000| Untracked |  0
|  44|0x000000070ae00000, 0x000000070ae00000, 0x000000070b000000|  0%| F|  |TAMS 0x000000070ae00000| PB 0x000000070ae00000| Untracked |  0
|  45|0x000000070b000000, 0x000000070b000000, 0x000000070b200000|  0%| F|  |TAMS 0x000000070b000000| PB 0x000000070b000000| Untracked |  0
|  46|0x000000070b200000, 0x000000070b200000, 0x000000070b400000|  0%| F|  |TAMS 0x000000070b200000| PB 0x000000070b200000| Untracked |  0
|  47|0x000000070b400000, 0x000000070b400000, 0x000000070b600000|  0%| F|  |TAMS 0x000000070b400000| PB 0x000000070b400000| Untracked |  0
|  48|0x000000070b600000, 0x000000070b600000, 0x000000070b800000|  0%| F|  |TAMS 0x000000070b600000| PB 0x000000070b600000| Untracked |  0
|  49|0x000000070b800000, 0x000000070b800000, 0x000000070ba00000|  0%| F|  |TAMS 0x000000070b800000| PB 0x000000070b800000| Untracked |  0
|  50|0x000000070ba00000, 0x000000070ba00000, 0x000000070bc00000|  0%| F|  |TAMS 0x000000070ba00000| PB 0x000000070ba00000| Untracked |  0
|  51|0x000000070bc00000, 0x000000070bc00000, 0x000000070be00000|  0%| F|  |TAMS 0x000000070bc00000| PB 0x000000070bc00000| Untracked |  0
|  52|0x000000070be00000, 0x000000070be00000, 0x000000070c000000|  0%| F|  |TAMS 0x000000070be00000| PB 0x000000070be00000| Untracked |  0
|  53|0x000000070c000000, 0x000000070c000000, 0x000000070c200000|  0%| F|  |TAMS 0x000000070c000000| PB 0x000000070c000000| Untracked |  0
|  54|0x000000070c200000, 0x000000070c200000, 0x000000070c400000|  0%| F|  |TAMS 0x000000070c200000| PB 0x000000070c200000| Untracked |  0
|  55|0x000000070c400000, 0x000000070c400000, 0x000000070c600000|  0%| F|  |TAMS 0x000000070c400000| PB 0x000000070c400000| Untracked |  0
|  56|0x000000070c600000, 0x000000070c600000, 0x000000070c800000|  0%| F|  |TAMS 0x000000070c600000| PB 0x000000070c600000| Untracked |  0
|  57|0x000000070c800000, 0x000000070c800000, 0x000000070ca00000|  0%| F|  |TAMS 0x000000070c800000| PB 0x000000070c800000| Untracked |  0
|  58|0x000000070ca00000, 0x000000070ca00000, 0x000000070cc00000|  0%| F|  |TAMS 0x000000070ca00000| PB 0x000000070ca00000| Untracked |  0
|  59|0x000000070cc00000, 0x000000070cc00000, 0x000000070ce00000|  0%| F|  |TAMS 0x000000070cc00000| PB 0x000000070cc00000| Untracked |  0
|  60|0x000000070ce00000, 0x000000070ce00000, 0x000000070d000000|  0%| F|  |TAMS 0x000000070ce00000| PB 0x000000070ce00000| Untracked |  0
|  61|0x000000070d000000, 0x000000070d000000, 0x000000070d200000|  0%| F|  |TAMS 0x000000070d000000| PB 0x000000070d000000| Untracked |  0
|  62|0x000000070d200000, 0x000000070d200000, 0x000000070d400000|  0%| F|  |TAMS 0x000000070d200000| PB 0x000000070d200000| Untracked |  0
|  63|0x000000070d400000, 0x000000070d400000, 0x000000070d600000|  0%| F|  |TAMS 0x000000070d400000| PB 0x000000070d400000| Untracked |  0
|  64|0x000000070d600000, 0x000000070d600000, 0x000000070d800000|  0%| F|  |TAMS 0x000000070d600000| PB 0x000000070d600000| Untracked |  0
|  65|0x000000070d800000, 0x000000070d800000, 0x000000070da00000|  0%| F|  |TAMS 0x000000070d800000| PB 0x000000070d800000| Untracked |  0
|  66|0x000000070da00000, 0x000000070da00000, 0x000000070dc00000|  0%| F|  |TAMS 0x000000070da00000| PB 0x000000070da00000| Untracked |  0
|  67|0x000000070dc00000, 0x000000070dc00000, 0x000000070de00000|  0%| F|  |TAMS 0x000000070dc00000| PB 0x000000070dc00000| Untracked |  0
|  68|0x000000070de00000, 0x000000070de00000, 0x000000070e000000|  0%| F|  |TAMS 0x000000070de00000| PB 0x000000070de00000| Untracked |  0
|  69|0x000000070e000000, 0x000000070e000000, 0x000000070e200000|  0%| F|  |TAMS 0x000000070e000000| PB 0x000000070e000000| Untracked |  0
|  70|0x000000070e200000, 0x000000070e200000, 0x000000070e400000|  0%| F|  |TAMS 0x000000070e200000| PB 0x000000070e200000| Untracked |  0
|  71|0x000000070e400000, 0x000000070e400000, 0x000000070e600000|  0%| F|  |TAMS 0x000000070e400000| PB 0x000000070e400000| Untracked |  0
|  72|0x000000070e600000, 0x000000070e600000, 0x000000070e800000|  0%| F|  |TAMS 0x000000070e600000| PB 0x000000070e600000| Untracked |  0
|  73|0x000000070e800000, 0x000000070e800000, 0x000000070ea00000|  0%| F|  |TAMS 0x000000070e800000| PB 0x000000070e800000| Untracked |  0
|  74|0x000000070ea00000, 0x000000070ea00000, 0x000000070ec00000|  0%| F|  |TAMS 0x000000070ea00000| PB 0x000000070ea00000| Untracked |  0
|  75|0x000000070ec00000, 0x000000070ec00000, 0x000000070ee00000|  0%| F|  |TAMS 0x000000070ec00000| PB 0x000000070ec00000| Untracked |  0
|  76|0x000000070ee00000, 0x000000070ee00000, 0x000000070f000000|  0%| F|  |TAMS 0x000000070ee00000| PB 0x000000070ee00000| Untracked |  0
|  77|0x000000070f000000, 0x000000070f000000, 0x000000070f200000|  0%| F|  |TAMS 0x000000070f000000| PB 0x000000070f000000| Untracked |  0
|  78|0x000000070f200000, 0x000000070f200000, 0x000000070f400000|  0%| F|  |TAMS 0x000000070f200000| PB 0x000000070f200000| Untracked |  0
|  79|0x000000070f400000, 0x000000070f400000, 0x000000070f600000|  0%| F|  |TAMS 0x000000070f400000| PB 0x000000070f400000| Untracked |  0
|  80|0x000000070f600000, 0x000000070f600000, 0x000000070f800000|  0%| F|  |TAMS 0x000000070f600000| PB 0x000000070f600000| Untracked |  0
|  81|0x000000070f800000, 0x000000070f800000, 0x000000070fa00000|  0%| F|  |TAMS 0x000000070f800000| PB 0x000000070f800000| Untracked |  0
|  82|0x000000070fa00000, 0x000000070fa00000, 0x000000070fc00000|  0%| F|  |TAMS 0x000000070fa00000| PB 0x000000070fa00000| Untracked |  0
|  83|0x000000070fc00000, 0x000000070fc00000, 0x000000070fe00000|  0%| F|  |TAMS 0x000000070fc00000| PB 0x000000070fc00000| Untracked |  0
|  84|0x000000070fe00000, 0x000000070fe00000, 0x0000000710000000|  0%| F|  |TAMS 0x000000070fe00000| PB 0x000000070fe00000| Untracked |  0
|  85|0x0000000710000000, 0x0000000710000000, 0x0000000710200000|  0%| F|  |TAMS 0x0000000710000000| PB 0x0000000710000000| Untracked |  0
|  86|0x0000000710200000, 0x0000000710200000, 0x0000000710400000|  0%| F|  |TAMS 0x0000000710200000| PB 0x0000000710200000| Untracked |  0
|  87|0x0000000710400000, 0x0000000710400000, 0x0000000710600000|  0%| F|  |TAMS 0x0000000710400000| PB 0x0000000710400000| Untracked |  0
|  88|0x0000000710600000, 0x0000000710600000, 0x0000000710800000|  0%| F|  |TAMS 0x0000000710600000| PB 0x0000000710600000| Untracked |  0
|  89|0x0000000710800000, 0x0000000710800000, 0x0000000710a00000|  0%| F|  |TAMS 0x0000000710800000| PB 0x0000000710800000| Untracked |  0
|  90|0x0000000710a00000, 0x0000000710a00000, 0x0000000710c00000|  0%| F|  |TAMS 0x0000000710a00000| PB 0x0000000710a00000| Untracked |  0
|  91|0x0000000710c00000, 0x0000000710c00000, 0x0000000710e00000|  0%| F|  |TAMS 0x0000000710c00000| PB 0x0000000710c00000| Untracked |  0
|  92|0x0000000710e00000, 0x0000000710e00000, 0x0000000711000000|  0%| F|  |TAMS 0x0000000710e00000| PB 0x0000000710e00000| Untracked |  0
|  93|0x0000000711000000, 0x0000000711000000, 0x0000000711200000|  0%| F|  |TAMS 0x0000000711000000| PB 0x0000000711000000| Untracked |  0
|  94|0x0000000711200000, 0x0000000711200000, 0x0000000711400000|  0%| F|  |TAMS 0x0000000711200000| PB 0x0000000711200000| Untracked |  0
|  95|0x0000000711400000, 0x0000000711400000, 0x0000000711600000|  0%| F|  |TAMS 0x0000000711400000| PB 0x0000000711400000| Untracked |  0
|  96|0x0000000711600000, 0x0000000711600000, 0x0000000711800000|  0%| F|  |TAMS 0x0000000711600000| PB 0x0000000711600000| Untracked |  0
|  97|0x0000000711800000, 0x0000000711800000, 0x0000000711a00000|  0%| F|  |TAMS 0x0000000711800000| PB 0x0000000711800000| Untracked |  0
|  98|0x0000000711a00000, 0x0000000711a00000, 0x0000000711c00000|  0%| F|  |TAMS 0x0000000711a00000| PB 0x0000000711a00000| Untracked |  0
|  99|0x0000000711c00000, 0x0000000711c00000, 0x0000000711e00000|  0%| F|  |TAMS 0x0000000711c00000| PB 0x0000000711c00000| Untracked |  0
| 100|0x0000000711e00000, 0x0000000711e00000, 0x0000000712000000|  0%| F|  |TAMS 0x0000000711e00000| PB 0x0000000711e00000| Untracked |  0
| 101|0x0000000712000000, 0x0000000712000000, 0x0000000712200000|  0%| F|  |TAMS 0x0000000712000000| PB 0x0000000712000000| Untracked |  0
| 102|0x0000000712200000, 0x0000000712200000, 0x0000000712400000|  0%| F|  |TAMS 0x0000000712200000| PB 0x0000000712200000| Untracked |  0
| 103|0x0000000712400000, 0x0000000712400000, 0x0000000712600000|  0%| F|  |TAMS 0x0000000712400000| PB 0x0000000712400000| Untracked |  0
| 104|0x0000000712600000, 0x0000000712600000, 0x0000000712800000|  0%| F|  |TAMS 0x0000000712600000| PB 0x0000000712600000| Untracked |  0
| 105|0x0000000712800000, 0x0000000712800000, 0x0000000712a00000|  0%| F|  |TAMS 0x0000000712800000| PB 0x0000000712800000| Untracked |  0
| 106|0x0000000712a00000, 0x0000000712a00000, 0x0000000712c00000|  0%| F|  |TAMS 0x0000000712a00000| PB 0x0000000712a00000| Untracked |  0
| 107|0x0000000712c00000, 0x0000000712c00000, 0x0000000712e00000|  0%| F|  |TAMS 0x0000000712c00000| PB 0x0000000712c00000| Untracked |  0
| 108|0x0000000712e00000, 0x0000000712e00000, 0x0000000713000000|  0%| F|  |TAMS 0x0000000712e00000| PB 0x0000000712e00000| Untracked |  0
| 109|0x0000000713000000, 0x0000000713000000, 0x0000000713200000|  0%| F|  |TAMS 0x0000000713000000| PB 0x0000000713000000| Untracked |  0
| 110|0x0000000713200000, 0x0000000713200000, 0x0000000713400000|  0%| F|  |TAMS 0x0000000713200000| PB 0x0000000713200000| Untracked |  0
| 111|0x0000000713400000, 0x0000000713400000, 0x0000000713600000|  0%| F|  |TAMS 0x0000000713400000| PB 0x0000000713400000| Untracked |  0
| 112|0x0000000713600000, 0x0000000713600000, 0x0000000713800000|  0%| F|  |TAMS 0x0000000713600000| PB 0x0000000713600000| Complete |  0
| 113|0x0000000713800000, 0x0000000713a00000, 0x0000000713a00000|100%| E|CS|TAMS 0x0000000713800000| PB 0x0000000713800000| Complete |  1
| 114|0x0000000713a00000, 0x0000000713c00000, 0x0000000713c00000|100%| E|CS|TAMS 0x0000000713a00000| PB 0x0000000713a00000| Complete |  0
| 115|0x0000000713c00000, 0x0000000713d37460, 0x0000000713e00000| 60%| S|CS|TAMS 0x0000000713c00000| PB 0x0000000713c00000| Complete |  0
| 116|0x0000000713e00000, 0x0000000714000000, 0x0000000714000000|100%| E|CS|TAMS 0x0000000713e00000| PB 0x0000000713e00000| Complete |  0
| 117|0x0000000714000000, 0x0000000714200000, 0x0000000714200000|100%| E|CS|TAMS 0x0000000714000000| PB 0x0000000714000000| Complete |  0
| 118|0x0000000714200000, 0x0000000714400000, 0x0000000714400000|100%| E|CS|TAMS 0x0000000714200000| PB 0x0000000714200000| Complete |  0
| 119|0x0000000714400000, 0x0000000714600000, 0x0000000714600000|100%| E|CS|TAMS 0x0000000714400000| PB 0x0000000714400000| Complete |  0
| 120|0x0000000714600000, 0x0000000714800000, 0x0000000714800000|100%| E|CS|TAMS 0x0000000714600000| PB 0x0000000714600000| Complete |  0
| 121|0x0000000714800000, 0x0000000714a00000, 0x0000000714a00000|100%| E|  |TAMS 0x0000000714800000| PB 0x0000000714800000| Complete |  0
| 122|0x0000000714a00000, 0x0000000714c00000, 0x0000000714c00000|100%| E|CS|TAMS 0x0000000714a00000| PB 0x0000000714a00000| Complete |  0
| 123|0x0000000714c00000, 0x0000000714e00000, 0x0000000714e00000|100%| E|CS|TAMS 0x0000000714c00000| PB 0x0000000714c00000| Complete |  0
| 124|0x0000000714e00000, 0x0000000715000000, 0x0000000715000000|100%| E|CS|TAMS 0x0000000714e00000| PB 0x0000000714e00000| Complete |  0
| 125|0x0000000715000000, 0x0000000715200000, 0x0000000715200000|100%| E|CS|TAMS 0x0000000715000000| PB 0x0000000715000000| Complete |  0

Card table byte_map: [0x000001c8255c0000,0x000001c825da0000] _byte_map_base: 0x000001c821d95000

Marking Bits: (CMBitMap*) 0x000001c80ae9e520
 Bits: [0x000001c825da0000, 0x000001c829c48000)

Polling page: 0x000001c80b050000

Metaspace:

Usage:
  Non-class:     16.73 MB used.
      Class:      2.13 MB used.
       Both:     18.86 MB used.

Virtual space:
  Non-class space:       64.00 MB reserved,      16.94 MB ( 26%) committed,  1 nodes.
      Class space:        1.00 GB reserved,       2.31 MB ( <1%) committed,  1 nodes.
             Both:        1.06 GB reserved,      19.25 MB (  2%) committed. 

Chunk freelists:
   Non-Class:  15.02 MB
       Class:  13.55 MB
        Both:  28.56 MB

MaxMetaspaceSize: unlimited
CompressedClassSpaceSize: 1.00 GB
Initial GC threshold: 21.00 MB
Current GC threshold: 21.00 MB
CDS: on
 - commit_granule_bytes: 65536.
 - commit_granule_words: 8192.
 - virtual_space_node_default_size: 8388608.
 - enlarge_chunks_in_place: 1.
 - use_allocation_guard: 0.


Internal statistics:

num_allocs_failed_limit: 0.
num_arena_births: 366.
num_arena_deaths: 0.
num_vsnodes_births: 2.
num_vsnodes_deaths: 0.
num_space_committed: 308.
num_space_uncommitted: 0.
num_chunks_returned_to_freelist: 0.
num_chunks_taken_from_freelist: 815.
num_chunk_merges: 0.
num_chunk_splits: 510.
num_chunks_enlarged: 302.
num_inconsistent_stats: 0.

CodeHeap 'non-profiled nmethods': size=120064Kb used=739Kb max_used=739Kb free=119324Kb
 bounds [0x000001c81d460000, 0x000001c81d6d0000, 0x000001c8249a0000]
CodeHeap 'profiled nmethods': size=120000Kb used=3252Kb max_used=3252Kb free=116747Kb
 bounds [0x000001c8159a0000, 0x000001c815cd0000, 0x000001c81ced0000]
CodeHeap 'non-nmethods': size=5696Kb used=1593Kb max_used=1608Kb free=4103Kb
 bounds [0x000001c81ced0000, 0x000001c81d140000, 0x000001c81d460000]
CodeCache: size=245760Kb, used=5584Kb, max_used=5599Kb, free=240174Kb
 total_blobs=2893, nmethods=2336, adapters=462, full_count=0
Compilation: enabled, stopped_count=0, restarted_count=0

Compilation events (20 events):
Event: 3.603 Thread 0x000001c82c679230 2122       3       java.lang.invoke.MemberName::isProtected (8 bytes)
Event: 3.604 Thread 0x000001c82c679230 nmethod 2122 0x000001c815c81488 code [0x000001c815c815a0, 0x000001c815c81760]
Event: 3.606 Thread 0x000001c82c679230 2123       3       java.nio.ByteBuffer::position (6 bytes)
Event: 3.606 Thread 0x000001c82c679230 nmethod 2123 0x000001c815c81788 code [0x000001c815c818a0, 0x000001c815c81a68]
Event: 3.608 Thread 0x000001c82c679230 2124 %     2       java.lang.StringLatin1::indexOf @ 30 (121 bytes)
Event: 3.609 Thread 0x000001c82c679230 nmethod 2124% 0x000001c815c81a88 code [0x000001c815c81be0, 0x000001c815c81fe8]
Event: 3.609 Thread 0x000001c82c678650 2125       4       java.lang.StringLatin1::indexOf (121 bytes)
Event: 3.614 Thread 0x000001c82c678650 nmethod 2125 0x000001c81d507888 code [0x000001c81d5079a0, 0x000001c81d507ce8]
Event: 5.658 Thread 0x000001c82c679230 2129       3       java.lang.invoke.MemberName$Factory::resolveOrNull (54 bytes)
Event: 5.659 Thread 0x000001c82c679230 nmethod 2129 0x000001c815c82008 code [0x000001c815c82140, 0x000001c815c823d0]
Event: 5.670 Thread 0x000001c82c679230 2131   !   3       java.lang.reflect.Field::declaredAnnotations (82 bytes)
Event: 5.670 Thread 0x000001c82c679230 nmethod 2131 0x000001c815c82408 code [0x000001c815c82580, 0x000001c815c82b60]
Event: 6.694 Thread 0x000001c82c679230 2132       3       io.cucumber.core.internal.com.fasterxml.jackson.databind.introspect.AnnotatedMember::getAnnotation (18 bytes)
Event: 6.695 Thread 0x000001c82c679230 nmethod 2132 0x000001c815c82c08 code [0x000001c815c82d60, 0x000001c815c83130]
Event: 6.695 Thread 0x000001c82c679230 2133       3       io.cucumber.core.internal.com.fasterxml.jackson.databind.introspect.AnnotationMap::get (21 bytes)
Event: 6.695 Thread 0x000001c82c679230 nmethod 2133 0x000001c815c83188 code [0x000001c815c832c0, 0x000001c815c835e8]
Event: 6.696 Thread 0x000001c82c679230 2134       3       java.lang.Class::privateGetDeclaredMethods (64 bytes)
Event: 6.697 Thread 0x000001c82c679230 nmethod 2134 0x000001c815c83608 code [0x000001c815c837a0, 0x000001c815c83f20]
Event: 6.698 Thread 0x000001c82c679230 2135       3       java.lang.reflect.Method::getRoot (5 bytes)
Event: 6.698 Thread 0x000001c82c679230 nmethod 2135 0x000001c815c83f88 code [0x000001c815c840a0, 0x000001c815c841c8]

GC Heap History (4 events):
Event: 0.748 GC heap before
{Heap before GC invocations=0 (full 0):
 garbage-first heap   total reserved 4106240K, committed 258048K, used 22528K [0x0000000705600000, 0x0000000800000000)
  region size 2048K, 12 young (24576K), 0 survivors (0K)
 Metaspace       used 9313K, committed 9536K, reserved 1114112K
  class space    used 996K, committed 1088K, reserved 1048576K
}
Event: 0.753 GC heap after
{Heap after GC invocations=1 (full 0):
 garbage-first heap   total reserved 4106240K, committed 258048K, used 7055K [0x0000000705600000, 0x0000000800000000)
  region size 2048K, 2 young (4096K), 2 survivors (4096K)
 Metaspace       used 9313K, committed 9536K, reserved 1114112K
  class space    used 996K, committed 1088K, reserved 1048576K
}
Event: 1.124 GC heap before
{Heap before GC invocations=1 (full 0):
 garbage-first heap   total reserved 4106240K, committed 258048K, used 27535K [0x0000000705600000, 0x0000000800000000)
  region size 2048K, 12 young (24576K), 2 survivors (4096K)
 Metaspace       used 14446K, committed 14784K, reserved 1114112K
  class space    used 1584K, committed 1728K, reserved 1048576K
}
Event: 1.127 GC heap after
{Heap after GC invocations=2 (full 0):
 garbage-first heap   total reserved 4106240K, committed 258048K, used 8599K [0x0000000705600000, 0x0000000800000000)
  region size 2048K, 1 young (2048K), 1 survivors (2048K)
 Metaspace       used 14446K, committed 14784K, reserved 1114112K
  class space    used 1584K, committed 1728K, reserved 1048576K
}

Dll operation events (9 events):
Event: 0.027 Loaded shared library D:\java\jdk-23.0.1\bin\java.dll
Event: 0.030 Loaded shared library D:\java\jdk-23.0.1\bin\zip.dll
Event: 0.087 Loaded shared library D:\java\jdk-23.0.1\bin\jsvml.dll
Event: 0.195 Loaded shared library D:\java\jdk-23.0.1\bin\instrument.dll
Event: 0.236 Loaded shared library D:\java\jdk-23.0.1\bin\net.dll
Event: 0.240 Loaded shared library D:\java\jdk-23.0.1\bin\nio.dll
Event: 0.249 Loaded shared library D:\java\jdk-23.0.1\bin\zip.dll
Event: 0.266 Loaded shared library D:\java\jdk-23.0.1\bin\extnet.dll
Event: 0.359 Loaded shared library D:\java\jdk-23.0.1\bin\jimage.dll

Deoptimization events (20 events):
Event: 2.522 Thread 0x000001c80ade6a90 DEOPT PACKING pc=0x000001c81d4f6f44 sp=0x000000886e8fdb70
Event: 2.522 Thread 0x000001c80ade6a90 DEOPT UNPACKING pc=0x000001c81cf27982 sp=0x000000886e8fdb28 mode 2
Event: 2.522 Thread 0x000001c80ade6a90 Uncommon trap: trap_request=0xffffffde fr.pc=0x000001c81d4f6f44 relative=0x00000000000002e4
Event: 2.522 Thread 0x000001c80ade6a90 Uncommon trap: reason=class_check action=maybe_recompile pc=0x000001c81d4f6f44 method=java.util.regex.Pattern$BmpCharPropertyGreedy.match(Ljava/util/regex/Matcher;ILjava/lang/CharSequence;)Z @ 26 c2
Event: 2.522 Thread 0x000001c80ade6a90 DEOPT PACKING pc=0x000001c81d4f6f44 sp=0x000000886e8fdc50
Event: 2.522 Thread 0x000001c80ade6a90 DEOPT UNPACKING pc=0x000001c81cf27982 sp=0x000000886e8fdc08 mode 2
Event: 2.522 Thread 0x000001c80ade6a90 Uncommon trap: trap_request=0xffffffde fr.pc=0x000001c81d4f6f44 relative=0x00000000000002e4
Event: 2.522 Thread 0x000001c80ade6a90 Uncommon trap: reason=class_check action=maybe_recompile pc=0x000001c81d4f6f44 method=java.util.regex.Pattern$BmpCharPropertyGreedy.match(Ljava/util/regex/Matcher;ILjava/lang/CharSequence;)Z @ 26 c2
Event: 2.522 Thread 0x000001c80ade6a90 DEOPT PACKING pc=0x000001c81d4f6f44 sp=0x000000886e8fdb50
Event: 2.522 Thread 0x000001c80ade6a90 DEOPT UNPACKING pc=0x000001c81cf27982 sp=0x000000886e8fdb08 mode 2
Event: 2.522 Thread 0x000001c80ade6a90 Uncommon trap: trap_request=0xffffffde fr.pc=0x000001c81d4f6f44 relative=0x00000000000002e4
Event: 2.522 Thread 0x000001c80ade6a90 Uncommon trap: reason=class_check action=maybe_recompile pc=0x000001c81d4f6f44 method=java.util.regex.Pattern$BmpCharPropertyGreedy.match(Ljava/util/regex/Matcher;ILjava/lang/CharSequence;)Z @ 26 c2
Event: 2.522 Thread 0x000001c80ade6a90 DEOPT PACKING pc=0x000001c81d4f6f44 sp=0x000000886e8fdb70
Event: 2.522 Thread 0x000001c80ade6a90 DEOPT UNPACKING pc=0x000001c81cf27982 sp=0x000000886e8fdb28 mode 2
Event: 3.597 Thread 0x000001c80ade6a90 DEOPT PACKING pc=0x000001c815c3e2f8 sp=0x000000886e8fcca0
Event: 3.597 Thread 0x000001c80ade6a90 DEOPT UNPACKING pc=0x000001c81cf284c2 sp=0x000000886e8fc128 mode 0
Event: 3.606 Thread 0x000001c80ade6a90 Uncommon trap: trap_request=0xffffff6e fr.pc=0x000001c81d4cd5b8 relative=0x0000000000000418
Event: 3.606 Thread 0x000001c80ade6a90 Uncommon trap: reason=loop_limit_check action=maybe_recompile pc=0x000001c81d4cd5b8 method=java.lang.StringLatin1.indexOf([BI[BII)I @ 37 c2
Event: 3.606 Thread 0x000001c80ade6a90 DEOPT PACKING pc=0x000001c81d4cd5b8 sp=0x000000886e8fdea0
Event: 3.606 Thread 0x000001c80ade6a90 DEOPT UNPACKING pc=0x000001c81cf27982 sp=0x000000886e8fde00 mode 2

Classes loaded (20 events):
Event: 5.677 Loading class io/cucumber/core/internal/com/fasterxml/jackson/databind/introspect/POJOPropertyBuilder$Linked
Event: 5.677 Loading class io/cucumber/core/internal/com/fasterxml/jackson/databind/introspect/POJOPropertyBuilder$Linked done
Event: 5.677 Loading class io/cucumber/core/internal/com/fasterxml/jackson/databind/introspect/AnnotatedMethodCollector
Event: 5.677 Loading class io/cucumber/core/internal/com/fasterxml/jackson/databind/introspect/AnnotatedMethodCollector done
Event: 5.679 Loading class io/cucumber/core/internal/com/fasterxml/jackson/databind/introspect/MemberKey
Event: 5.679 Loading class io/cucumber/core/internal/com/fasterxml/jackson/databind/introspect/MemberKey done
Event: 5.679 Loading class io/cucumber/core/internal/com/fasterxml/jackson/databind/introspect/AnnotatedMethodCollector$MethodBuilder
Event: 5.679 Loading class io/cucumber/core/internal/com/fasterxml/jackson/databind/introspect/AnnotatedMethodCollector$MethodBuilder done
Event: 5.679 Loading class io/cucumber/core/internal/com/fasterxml/jackson/databind/introspect/AnnotatedMethodMap
Event: 5.679 Loading class io/cucumber/core/internal/com/fasterxml/jackson/databind/introspect/AnnotatedMethodMap done
Event: 6.693 Loading class io/cucumber/core/internal/com/fasterxml/jackson/annotation/JsonSetter
Event: 6.693 Loading class io/cucumber/core/internal/com/fasterxml/jackson/annotation/JsonSetter done
Event: 6.694 Loading class io/cucumber/core/internal/com/fasterxml/jackson/databind/introspect/AnnotatedCreatorCollector
Event: 6.694 Loading class io/cucumber/core/internal/com/fasterxml/jackson/databind/introspect/AnnotatedCreatorCollector done
Event: 6.696 Loading class io/cucumber/core/internal/com/fasterxml/jackson/databind/introspect/MethodGenericTypeResolver
Event: 6.696 Loading class io/cucumber/core/internal/com/fasterxml/jackson/databind/introspect/MethodGenericTypeResolver done
Event: 6.698 Loading class io/cucumber/core/internal/com/fasterxml/jackson/annotation/JsonCreator
Event: 6.698 Loading class io/cucumber/core/internal/com/fasterxml/jackson/annotation/JsonCreator done
Event: 6.699 Loading class io/cucumber/core/internal/com/fasterxml/jackson/databind/introspect/PotentialCreator
Event: 6.699 Loading class io/cucumber/core/internal/com/fasterxml/jackson/databind/introspect/PotentialCreator done

Classes unloaded (0 events):
No events

Classes redefined (1 events):
Event: 0.215 Thread 0x000001c82c63e490 redefined class name=java.lang.Throwable, count=1

Internal exceptions (20 events):
Event: 0.889 Thread 0x000001c80ade6a90 Exception <a 'java/lang/NoSuchMethodError'{0x0000000714a1c570}: 'java.lang.Object java.lang.invoke.Invokers$Holder.linkToTargetMethod(java.lang.Object, java.lang.Object, int, java.lang.Object, java.lang.Object)'> (0x0000000714a1c570) 
thrown [s\open\src\hotspot\share\interpreter\linkResolver.cpp, line 796]
Event: 0.921 Thread 0x000001c80ade6a90 Exception <a 'java/lang/NoSuchMethodError'{0x0000000714bb61d0}: 'void java.lang.invoke.DirectMethodHandle$Holder.invokeInterface(java.lang.Object, java.lang.Object)'> (0x0000000714bb61d0) 
thrown [s\open\src\hotspot\share\interpreter\linkResolver.cpp, line 796]
Event: 0.929 Thread 0x000001c80ade6a90 Exception <a 'java/lang/NoSuchMethodError'{0x0000000714801f80}: 'int java.lang.invoke.DirectMethodHandle$Holder.invokeInterface(java.lang.Object, java.lang.Object)'> (0x0000000714801f80) 
thrown [s\open\src\hotspot\share\interpreter\linkResolver.cpp, line 796]
Event: 0.930 Thread 0x000001c80ade6a90 Exception <a 'java/lang/IncompatibleClassChangeError'{0x0000000714805278}: Found class java.lang.Object, but interface was expected> (0x0000000714805278) 
thrown [s\open\src\hotspot\share\interpreter\linkResolver.cpp, line 863]
Event: 0.946 Thread 0x000001c80ade6a90 Exception <a 'java/lang/NoSuchMethodError'{0x00000007148d6f40}: 'java.lang.Object java.lang.invoke.DirectMethodHandle$Holder.invokeVirtual(java.lang.Object, java.lang.Object, java.lang.Object)'> (0x00000007148d6f40) 
thrown [s\open\src\hotspot\share\interpreter\linkResolver.cpp, line 796]
Event: 0.963 Thread 0x000001c80ade6a90 Exception <a 'java/lang/NoSuchMethodError'{0x00000007149926d0}: 'java.lang.Object java.lang.invoke.DirectMethodHandle$Holder.invokeInterface(java.lang.Object, java.lang.Object, java.lang.Object)'> (0x00000007149926d0) 
thrown [s\open\src\hotspot\share\interpreter\linkResolver.cpp, line 796]
Event: 0.966 Thread 0x000001c80ade6a90 Exception <a 'java/lang/NoSuchMethodError'{0x00000007149b06f0}: 'java.lang.Object java.lang.invoke.DirectMethodHandle$Holder.invokeSpecialIFC(java.lang.Object, java.lang.Object, java.lang.Object, java.lang.Object)'> (0x00000007149b06f0) 
thrown [s\open\src\hotspot\share\interpreter\linkResolver.cpp, line 796]
Event: 0.980 Thread 0x000001c80ade6a90 Exception <a 'java/lang/NoSuchMethodError'{0x0000000714655888}: 'int java.lang.invoke.DirectMethodHandle$Holder.invokeSpecialIFC(java.lang.Object, java.lang.Object, java.lang.Object, java.lang.Object, java.lang.Object)'> (0x0000000714655888) 
thrown [s\open\src\hotspot\share\interpreter\linkResolver.cpp, line 796]
Event: 1.031 Thread 0x000001c80ade6a90 Exception <a 'sun/nio/fs/WindowsException'{0x00000007144d5d58}> (0x00000007144d5d58) 
thrown [s\open\src\hotspot\share\prims\jni.cpp, line 520]
Event: 2.477 Thread 0x000001c80ade6a90 Exception <a 'java/lang/NoSuchMethodError'{0x00000007145c9c08}: 'void java.lang.invoke.DirectMethodHandle$Holder.invokeVirtual(java.lang.Object, java.lang.Object, java.lang.Object, java.lang.Object)'> (0x00000007145c9c08) 
thrown [s\open\src\hotspot\share\interpreter\linkResolver.cpp, line 796]
Event: 2.484 Thread 0x000001c80ade6a90 Exception <a 'java/lang/NoSuchMethodError'{0x0000000714210000}: 'java.lang.ClassLoader java.lang.Class.getClassLoader(java.lang.Class)'> (0x0000000714210000) 
thrown [s\open\src\hotspot\share\interpreter\linkResolver.cpp, line 796]
Event: 2.486 Thread 0x000001c80ade6a90 Exception <a 'java/lang/NoSuchMethodError'{0x000000071421a960}: 'java.lang.Object java.lang.invoke.DirectMethodHandle$Holder.invokeStatic(java.lang.Object, java.lang.Object, int)'> (0x000000071421a960) 
thrown [s\open\src\hotspot\share\interpreter\linkResolver.cpp, line 796]
Event: 2.487 Thread 0x000001c80ade6a90 Exception <a 'java/lang/NoSuchMethodError'{0x0000000714225028}: 'void java.lang.invoke.DelegatingMethodHandle$Holder.delegate(java.lang.Object, java.lang.Object, int, java.lang.Object)'> (0x0000000714225028) 
thrown [s\open\src\hotspot\share\interpreter\linkResolver.cpp, line 796]
Event: 2.491 Thread 0x000001c80ade6a90 Exception <a 'java/lang/NoSuchMethodError'{0x000000071424bea8}: 'int java.lang.invoke.DirectMethodHandle$Holder.invokeSpecialIFC(java.lang.Object, java.lang.Object, java.lang.Object, java.lang.Object)'> (0x000000071424bea8) 
thrown [s\open\src\hotspot\share\interpreter\linkResolver.cpp, line 796]
Event: 2.503 Thread 0x000001c80ade6a90 Exception <a 'java/lang/NoSuchMethodError'{0x00000007142c2cf8}: 'java.lang.Object java.lang.invoke.DirectMethodHandle$Holder.newInvokeSpecial(java.lang.Object, java.lang.Object, java.lang.Object, java.lang.Object, java.lang.Object, java.lang.Object)'> (0x00000007142c2cf8) 
thrown [s\open\src\hotspot\share\interpreter\linkResolver.cpp, line 796]
Event: 2.505 Thread 0x000001c80ade6a90 Exception <a 'java/lang/NoSuchMethodError'{0x00000007142d4860}: 'void java.lang.invoke.DirectMethodHandle$Holder.invokeStaticInit(java.lang.Object)'> (0x00000007142d4860) 
thrown [s\open\src\hotspot\share\interpreter\linkResolver.cpp, line 796]
Event: 2.507 Thread 0x000001c80ade6a90 Exception <a 'java/lang/NoSuchMethodError'{0x00000007142f1738}: 'java.lang.Object java.lang.invoke.DirectMethodHandle$Holder.invokeSpecialIFC(java.lang.Object, java.lang.Object, java.lang.Object, java.lang.Object, java.lang.Object)'> (0x00000007142f1738) 
thrown [s\open\src\hotspot\share\interpreter\linkResolver.cpp, line 796]
Event: 2.531 Thread 0x000001c80ade6a90 Exception <a 'java/lang/NoSuchMethodError'{0x0000000714051da0}: 'void java.lang.invoke.DirectMethodHandle$Holder.invokeInterface(java.lang.Object, java.lang.Object, java.lang.Object)'> (0x0000000714051da0) 
thrown [s\open\src\hotspot\share\interpreter\linkResolver.cpp, line 796]
Event: 2.572 Thread 0x000001c80ade6a90 Exception <a 'java/lang/IncompatibleClassChangeError'{0x0000000713e46088}: Found class java.lang.Object, but interface was expected> (0x0000000713e46088) 
thrown [s\open\src\hotspot\share\interpreter\linkResolver.cpp, line 863]
Event: 3.618 Thread 0x000001c80ade6a90 Exception <a 'java/lang/NoSuchMethodError'{0x0000000713f6f418}: 'void java.lang.invoke.DirectMethodHandle$Holder.invokeSpecial(java.lang.Object, java.lang.Object, java.lang.Object, java.lang.Object, java.lang.Object)'> (0x0000000713f6f418) 
thrown [s\open\src\hotspot\share\interpreter\linkResolver.cpp, line 796]

VM Operations (20 events):
Event: 0.594 Executing VM operation: HandshakeAllThreads (Deoptimize)
Event: 0.594 Executing VM operation: HandshakeAllThreads (Deoptimize) done
Event: 0.615 Executing VM operation: HandshakeAllThreads (Deoptimize)
Event: 0.615 Executing VM operation: HandshakeAllThreads (Deoptimize) done
Event: 0.748 Executing VM operation: G1CollectForAllocation (G1 Evacuation Pause)
Event: 0.753 Executing VM operation: G1CollectForAllocation (G1 Evacuation Pause) done
Event: 0.891 Executing VM operation: HandshakeAllThreads (Deoptimize)
Event: 0.892 Executing VM operation: HandshakeAllThreads (Deoptimize) done
Event: 0.939 Executing VM operation: HandshakeAllThreads (Deoptimize)
Event: 0.939 Executing VM operation: HandshakeAllThreads (Deoptimize) done
Event: 0.999 Executing VM operation: HandshakeAllThreads (Deoptimize)
Event: 0.999 Executing VM operation: HandshakeAllThreads (Deoptimize) done
Event: 1.020 Executing VM operation: HandshakeAllThreads (Deoptimize)
Event: 1.020 Executing VM operation: HandshakeAllThreads (Deoptimize) done
Event: 1.124 Executing VM operation: G1CollectForAllocation (G1 Evacuation Pause)
Event: 1.127 Executing VM operation: G1CollectForAllocation (G1 Evacuation Pause) done
Event: 2.485 Executing VM operation: HandshakeAllThreads (Deoptimize)
Event: 2.485 Executing VM operation: HandshakeAllThreads (Deoptimize) done
Event: 5.673 Executing VM operation: HandshakeAllThreads (Deoptimize)
Event: 5.673 Executing VM operation: HandshakeAllThreads (Deoptimize) done

Memory protections (0 events):
No events

Nmethod flushes (0 events):
No events

Events (16 events):
Event: 0.043 Thread 0x000001c80ade6a90 Thread added: 0x000001c80ade6a90
Event: 0.083 Thread 0x000001c80ade6a90 Thread added: 0x000001c82c6600f0
Event: 0.083 Thread 0x000001c80ade6a90 Thread added: 0x000001c82c662d60
Event: 0.084 Thread 0x000001c80ade6a90 Thread added: 0x000001c82c666210
Event: 0.084 Thread 0x000001c80ade6a90 Thread added: 0x000001c82c666c70
Event: 0.084 Thread 0x000001c80ade6a90 Thread added: 0x000001c82c6676d0
Event: 0.084 Thread 0x000001c80ade6a90 Thread added: 0x000001c82c668260
Event: 0.084 Thread 0x000001c80ade6a90 Thread added: 0x000001c82c678650
Event: 0.084 Thread 0x000001c80ade6a90 Thread added: 0x000001c82c679230
Event: 0.173 Thread 0x000001c80ade6a90 Thread added: 0x000001c82c872410
Event: 0.216 Thread 0x000001c80ade6a90 Thread added: 0x000001c82caddf80
Event: 0.253 Thread 0x000001c80ade6a90 Thread added: 0x000001c872016f10
Event: 0.253 Thread 0x000001c80ade6a90 Thread added: 0x000001c8720439a0
Event: 0.312 Thread 0x000001c82c679230 Thread added: 0x000001c8721be7b0
Event: 0.376 Thread 0x000001c82c679230 Thread added: 0x000001c87244c760
Event: 3.603 Thread 0x000001c87244c760 Thread exited: 0x000001c87244c760


Dynamic libraries:
0x00007ff7fd6a0000 - 0x00007ff7fd6b0000 	D:\java\jdk-23.0.1\bin\java.exe
0x00007ff9c7300000 - 0x00007ff9c7568000 	C:\WINDOWS\SYSTEM32\ntdll.dll
0x00007ff9c5be0000 - 0x00007ff9c5ca9000 	C:\WINDOWS\System32\KERNEL32.DLL
0x00007ff9c4b00000 - 0x00007ff9c4eed000 	C:\WINDOWS\System32\KERNELBASE.dll
0x00007ff9c4590000 - 0x00007ff9c46db000 	C:\WINDOWS\System32\ucrtbase.dll
0x00007ff9be9b0000 - 0x00007ff9be9c7000 	D:\java\jdk-23.0.1\bin\jli.dll
0x00007ff9be990000 - 0x00007ff9be9ab000 	D:\java\jdk-23.0.1\bin\VCRUNTIME140.dll
0x00007ff9c5a00000 - 0x00007ff9c5bcc000 	C:\WINDOWS\System32\USER32.dll
0x00007ff9a60a0000 - 0x00007ff9a633a000 	C:\WINDOWS\WinSxS\amd64_microsoft.windows.common-controls_6595b64144ccf1df_6.0.26100.4484_none_3e0e6d4ce32ef3b3\COMCTL32.dll
0x00007ff9c4ef0000 - 0x00007ff9c4f17000 	C:\WINDOWS\System32\win32u.dll
0x00007ff9c5730000 - 0x00007ff9c57d9000 	C:\WINDOWS\System32\msvcrt.dll
0x00007ff9c5360000 - 0x00007ff9c538b000 	C:\WINDOWS\System32\GDI32.dll
0x00007ff9c4450000 - 0x00007ff9c4587000 	C:\WINDOWS\System32\gdi32full.dll
0x00007ff9c46e0000 - 0x00007ff9c4783000 	C:\WINDOWS\System32\msvcp_win.dll
0x00007ff9c5850000 - 0x00007ff9c587f000 	C:\WINDOWS\System32\IMM32.DLL
0x000001c80b060000 - 0x000001c80b076000 	C:\WINDOWS\System32\umppc19907.dll
0x000001c80b0a0000 - 0x000001c80b0b3000 	C:\WINDOWS\System32\CsXumd64_19907.dll
0x00007ff9c10f0000 - 0x00007ff9c10fc000 	D:\java\jdk-23.0.1\bin\vcruntime140_1.dll
0x00007ff9a22d0000 - 0x00007ff9a235e000 	D:\java\jdk-23.0.1\bin\msvcp140.dll
0x00007ff970e70000 - 0x00007ff971bbf000 	D:\java\jdk-23.0.1\bin\server\jvm.dll
0x00007ff9c66e0000 - 0x00007ff9c6794000 	C:\WINDOWS\System32\ADVAPI32.dll
0x00007ff9c6f30000 - 0x00007ff9c6fd6000 	C:\WINDOWS\System32\sechost.dll
0x00007ff9c5e70000 - 0x00007ff9c5f88000 	C:\WINDOWS\System32\RPCRT4.dll
0x00007ff9c6eb0000 - 0x00007ff9c6f24000 	C:\WINDOWS\System32\WS2_32.dll
0x00007ff9c42a0000 - 0x00007ff9c42fe000 	C:\WINDOWS\SYSTEM32\POWRPROF.dll
0x00007ff9b8a40000 - 0x00007ff9b8a75000 	C:\WINDOWS\SYSTEM32\WINMM.dll
0x00007ff9b1070000 - 0x00007ff9b107b000 	C:\WINDOWS\SYSTEM32\VERSION.dll
0x00007ff9c4280000 - 0x00007ff9c4294000 	C:\WINDOWS\SYSTEM32\UMPDC.dll
0x00007ff9c3080000 - 0x00007ff9c309b000 	C:\WINDOWS\SYSTEM32\kernel.appcore.dll
0x00007ff9c10a0000 - 0x00007ff9c10aa000 	D:\java\jdk-23.0.1\bin\jimage.dll
0x00007ff9c0b80000 - 0x00007ff9c0dc1000 	C:\WINDOWS\SYSTEM32\DBGHELP.DLL
0x00007ff9c5390000 - 0x00007ff9c5716000 	C:\WINDOWS\System32\combase.dll
0x00007ff9c5270000 - 0x00007ff9c5350000 	C:\WINDOWS\System32\OLEAUT32.dll
0x00007ff996d00000 - 0x00007ff996d43000 	C:\WINDOWS\SYSTEM32\dbgcore.DLL
0x00007ff9c49a0000 - 0x00007ff9c4a39000 	C:\WINDOWS\System32\bcryptPrimitives.dll
0x00007ff9bee10000 - 0x00007ff9bee1f000 	D:\java\jdk-23.0.1\bin\instrument.dll
0x00007ff9b17c0000 - 0x00007ff9b17de000 	D:\java\jdk-23.0.1\bin\java.dll
0x00007ff9c67a0000 - 0x00007ff9c693e000 	C:\WINDOWS\System32\ole32.dll
0x00007ff9c5f90000 - 0x00007ff9c66da000 	C:\WINDOWS\System32\SHELL32.dll
0x00007ff9c4790000 - 0x00007ff9c4904000 	C:\WINDOWS\System32\wintypes.dll
0x00007ff9b0c10000 - 0x00007ff9b0c27000 	D:\java\jdk-23.0.1\bin\zip.dll
0x00007ff9c1d10000 - 0x00007ff9c256b000 	C:\WINDOWS\SYSTEM32\windows.storage.dll
0x00007ff9c5d70000 - 0x00007ff9c5e65000 	C:\WINDOWS\System32\SHCORE.dll
0x00007ff9c57e0000 - 0x00007ff9c584a000 	C:\WINDOWS\System32\shlwapi.dll
0x00007ff9c4360000 - 0x00007ff9c438f000 	C:\WINDOWS\SYSTEM32\profapi.dll
0x00007ff995ac0000 - 0x00007ff995b97000 	D:\java\jdk-23.0.1\bin\jsvml.dll
0x00007ff9b0920000 - 0x00007ff9b0930000 	D:\java\jdk-23.0.1\bin\net.dll
0x00007ff9c3720000 - 0x00007ff9c378a000 	C:\WINDOWS\system32\mswsock.dll
0x00007ff9b08d0000 - 0x00007ff9b08e6000 	D:\java\jdk-23.0.1\bin\nio.dll
0x00007ff9ae7e0000 - 0x00007ff9ae7e9000 	D:\java\jdk-23.0.1\bin\extnet.dll
0x00007ff9c3b00000 - 0x00007ff9c3b1b000 	C:\WINDOWS\SYSTEM32\CRYPTSP.dll
0x00007ff9c2fe0000 - 0x00007ff9c301b000 	C:\WINDOWS\system32\rsaenh.dll
0x00007ff9c37c0000 - 0x00007ff9c37eb000 	C:\WINDOWS\SYSTEM32\USERENV.dll
0x00007ff9c4330000 - 0x00007ff9c4356000 	C:\WINDOWS\SYSTEM32\bcrypt.dll
0x00007ff9c3960000 - 0x00007ff9c396c000 	C:\WINDOWS\SYSTEM32\CRYPTBASE.dll
0x00007ff9c2880000 - 0x00007ff9c28b3000 	C:\WINDOWS\SYSTEM32\IPHLPAPI.DLL
0x00007ff9c5bd0000 - 0x00007ff9c5bda000 	C:\WINDOWS\System32\NSI.dll

dbghelp: loaded successfully - version: 4.0.5 - missing functions: none
symbol engine: initialized successfully - sym options: 0x614 - pdb path: .;D:\java\jdk-23.0.1\bin;C:\WINDOWS\SYSTEM32;C:\WINDOWS\WinSxS\amd64_microsoft.windows.common-controls_6595b64144ccf1df_6.0.26100.4484_none_3e0e6d4ce32ef3b3;D:\java\jdk-23.0.1\bin\server

VM Arguments:
jvm_args: -javaagent:C:\Users\girijesh.pandey\AppData\Local\JetBrains\IdeaIC2025.2\captureAgent\debugger-agent.jar=file:///C:/Users/GIRIJE~1.PAN/AppData/Local/Temp/capture18101923718849212477.props -ea -Didea.test.cyclic.buffer.size=1048576 -javaagent:C:\Users\girijesh.pandey\AppData\Local\Programs\IntelliJ IDEA Community Edition 2025.2\lib\idea_rt.jar=61136 -Dkotlinx.coroutines.debug.enable.creation.stack.trace=false -Ddebugger.agent.enable.coroutines=true -Dkotlinx.coroutines.debug.enable.flows.stack.trace=true -Dkotlinx.coroutines.debug.enable.mutable.state.flows.stack.trace=true -Dfile.encoding=UTF-8 -Dsun.stdout.encoding=UTF-8 -Dsun.stderr.encoding=UTF-8 
java_command: com.intellij.rt.testng.RemoteTestNGStarter -usedefaultlisteners false -socket61135 @w@C:\Users\girijesh.pandey\AppData\Local\Temp\idea_working_dirs_testng.tmp -temp C:\Users\girijesh.pandey\AppData\Local\Temp\idea_testng.tmp
java_class_path (initial): C:\Users\girijesh.pandey\AppData\Local\Programs\IntelliJ IDEA Community Edition 2025.2\lib\idea_rt.jar;C:\Users\girijesh.pandey\AppData\Local\Programs\IntelliJ IDEA Community Edition 2025.2\plugins\testng\lib\testng-rt.jar;D:\workspace\EssAutomation\target\test-classes;D:\workspace\EssAutomation\target\classes;C:\Users\girijesh.pandey\.m2\repository\org\seleniumhq\selenium\selenium-java\4.21.0\selenium-java-4.21.0.jar;C:\Users\girijesh.pandey\.m2\repository\org\seleniumhq\selenium\selenium-api\4.21.0\selenium-api-4.21.0.jar;C:\Users\girijesh.pandey\.m2\repository\org\seleniumhq\selenium\selenium-chrome-driver\4.21.0\selenium-chrome-driver-4.21.0.jar;C:\Users\girijesh.pandey\.m2\repository\com\google\auto\service\auto-service-annotations\1.1.1\auto-service-annotations-1.1.1.jar;C:\Users\girijesh.pandey\.m2\repository\org\seleniumhq\selenium\selenium-chromium-driver\4.21.0\selenium-chromium-driver-4.21.0.jar;C:\Users\girijesh.pandey\.m2\repository\org\seleniumhq\selenium\selenium-json\4.21.0\selenium-json-4.21.0.jar;C:\Users\girijesh.pandey\.m2\repository\org\seleniumhq\selenium\selenium-manager\4.21.0\selenium-manager-4.21.0.jar;C:\Users\girijesh.pandey\.m2\repository\org\seleniumhq\selenium\selenium-devtools-v123\4.21.0\selenium-devtools-v123-4.21.0.jar;C:\Users\girijesh.pandey\.m2\repository\org\seleniumhq\selenium\selenium-devtools-v124\4.21.0\selenium-devtools-v124-4.21.0.jar;C:\Users\girijesh.pandey\.m2\repository\org\seleniumhq\selenium\selenium-devtools-v125\4.21.0\selenium-devtools-v125-4.21.0.jar;C:\Users\girijesh.pandey\.m2\repository\org\seleniumhq\selenium\selenium-devtools-v85\4.21.0\selenium-devtools-v85-4.21.0.jar;C:\Users\girijesh.pandey\.m2\repository\org\seleniumhq\selenium\selenium-edge-driver\4.21.0\selenium-edge-driver-4.21.0.jar;C:\Users\girijesh.pandey\.m2\repository\org\seleniumhq\selenium\selenium-firefox-driver\4.21.0\selenium-firefox-driver-4.21.0.jar;C:\Users\girijesh.pandey\.m2\repository\org\seleniumhq\selenium\selenium-http\4.21.0\selenium-http-4.21.0.jar;C:\Users\girijesh.pandey\.m2\repository\dev\failsafe\failsafe\3.3.2\failsafe-3.3.2.jar;C:\Users\girijesh.pandey\.m2\repository\org\seleniumhq\selenium\selenium-ie-driver\4.21.0\selenium-ie-driver-4.21.0.jar;C:\Users\girijesh.pandey\.m2\repository\org\seleniumhq\selenium\selenium-remote-driver\4.21.0\selenium-remote-driver-4.21.0.jar;C:\Users\girijesh.pandey\.m2\repository\com\google\guava\guava\33.2.0-jre\guava-33.2.0-jre.jar;C:\Users\girijesh.pandey\.m2\repository\com\google\guava\failureaccess\1.0.2\failureaccess-1.0.2.jar;C:\Users\girijesh.pandey\.m2\repository\com\google\guava\listenablefuture\9999.0-empty-to-avoid-conflict-with-guava\listenablefuture-9999.0-empty-to-avoid-conflict-with-guava.jar;C:\Users\girijesh.pandey\.m2\repository\com\google\code\findbugs\jsr305\3.0.2\jsr305-3.0.2.jar;C:\Users\girijesh.pandey\.m2\repository\org\checkerframework\checker-qual\3.42.0\checker-qual-3.42.0.jar;C:\Users\girijesh.pandey\.m2\repository\com\google\j2objc\j2objc-annotations\3.0.0\j2objc-annotations-3.0.0.jar;C:\Users\girijesh.pandey\.m2\repository\io\opentelemetry\semconv\opentelemetry-semconv\1.25.0-alpha\opentelemetry-semconv-1.25.0-alpha.jar;C:\Users\girijesh.pandey\.m2\repository\io\opentelemetry\opentelemetry-api\1.38.0\opentelemetry-api-1.38.0.jar;C:\Users\girijesh.pandey\.m2\repository\io\opentelemetry\opentelemetry-context\1.38.0\opentelemetry-context-1.38.0.jar;C:\Users\girijesh.pandey\.m2\repository\io\opentelemetry\opentelemetry-exporter-logging\1.38.0\opentelemetry-exporter-logging-1.38.0.jar;C:\Users\girijesh.pandey\.m2\repository\io\opentelemetry\opentelemetry-sdk-common\1.38.0\opentelemetry-sdk-common-1.38.0.jar;C:\Users\girijesh.pandey\.m2\repository\io\opentelemetry\opentelemetry-sdk-extension-autoconfigure-spi\1.38.0\opentelemetry-sdk-extension-autoconfigure-spi-1.38.0.jar;C:\Users\girijesh.pandey\.m2\repository\io\opentelemetry\opentelemetry-sdk-extension-autoconfigure\1.38.0\opentelemetry-sdk-extension-autoconfigure-1.38.0.jar;C:\Users\girijesh.pandey\.m2\repository\io\opentelemetry\opentelemetry-api-incubator\1.38.0-alpha\opentelemetry-api-incubator-1.38.0-alpha.jar;C:\Users\girijesh.pandey\.m2\repository\io\opentelemetry\opentelemetry-sdk-trace\1.38.0\opentelemetry-sdk-trace-1.38.0.jar;C:\Users\girijesh.pandey\.m2\repository\io\opentelemetry\opentelemetry-sdk\1.38.0\opentelemetry-sdk-1.38.0.jar;C:\Users\girijesh.pandey\.m2\repository\io\opentelemetry\opentelemetry-sdk-metrics\1.38.0\opentelemetry-sdk-metrics-1.38.0.jar;C:\Users\girijesh.pandey\.m2\repository\io\opentelemetry\opentelemetry-sdk-logs\1.38.0\opentelemetry-sdk-logs-1.38.0.jar;C:\Users\girijesh.pandey\.m2\repository\net\bytebuddy\byte-buddy\1.14.15\byte-buddy-1.14.15.jar;C:\Users\girijesh.pandey\.m2\repository\org\seleniumhq\selenium\selenium-os\4.21.0\selenium-os-4.21.0.jar;C:\Users\girijesh.pandey\.m2\repository\org\apache\commons\commons-exec\1.4.0\commons-exec-1.4.0.jar;C:\Users\girijesh.pandey\.m2\repository\org\seleniumhq\selenium\selenium-safari-driver\4.21.0\selenium-safari-driver-4.21.0.jar;C:\Users\girijesh.pandey\.m2\repository\org\seleniumhq\selenium\selenium-support\4.21.0\selenium-support-4.21.0.jar;C:\Users\girijesh.pandey\.m2\repository\io\github\bonigarcia\webdrivermanager\6.2.0\webdrivermanager-6.2.0.jar;C:\Users\girijesh.pandey\.m2\repository\org\slf4j\slf4j-api\2.0.17\slf4j-api-2.0.17.jar;C:\Users\girijesh.pandey\.m2\repository\com\google\code\gson\gson\2.13.1\gson-2.13.1.jar;C:\Users\girijesh.pandey\.m2\repository\com\google\errorprone\error_prone_annotations\2.38.0\error_prone_annotations-2.38.0.jar;C:\Users\girijesh.pandey\.m2\repository\com\github\docker-java\docker-java\3.5.3\docker-java-3.5.3.jar;C:\Users\girijesh.pandey\.m2\repository\com\github\docker-java\docker-java-core\3.5.3\docker-java-core-3.5.3.jar;C:\Users\girijesh.pandey\.m2\repository\com\github\docker-java\docker-java-api\3.5.3\docker-java-api-3.5.3.jar;C:\Users\girijesh.pandey\.m2\repository\com\fasterxml\jackson\core\jackson-annotations\2.18.4\jackson-annotations-2.18.4.jar;C:\Users\girijesh.pandey\.m2\repository\com\fasterxml\jackson\core\jackson-databind\2.18.4\jackson-databind-2.18.4.jar;C:\Users\girijesh.pandey\.m2\repository\com\fasterxml\jackson\core\jackson-core\2.18.4\jackson-core-2.18.4.jar;C:\Users\girijesh.pandey\.m2\repository\org\slf4j\jcl-over-slf4j\1.7.30\jcl-over-slf4j-1.7.30.jar;C:\Users\girijesh.pandey\.m2\repository\com\github\docker-java\docker-java-transport-httpclient5\3.5.3\docker-java-transport-httpclient5-3.5.3.jar;C:\Users\girijesh.pandey\.m2\repository\com\github\docker-java\docker-java-transport\3.5.3\docker-java-transport-3.5.3.jar;C:\Users\girijesh.pandey\.m2\repository\net\java\dev\jna\jna\5.17.0\jna-5.17.0.jar;C:\Users\girijesh.pandey\.m2\repository\org\brotli\dec\0.1.2\dec-0.1.2.jar;C:\Users\girijesh.pandey\.m2\repository\org\apache\commons\commons-lang3\3.18.0\commons-lang3-3.18.0.jar;C:\Users\girijesh.pandey\.m2\repository\org\apache\commons\commons-compress\1.27.1\commons-compress-1.27.1.jar;C:\Users\girijesh.pandey\.m2\repository\commons-codec\commons-codec\1.17.1\commons-codec-1.17.1.jar;C:\Users\girijesh.pandey\.m2\repository\org\apache\httpcomponents\client5\httpclient5\5.4.3\httpclient5-5.4.3.jar;C:\Users\girijesh.pandey\.m2\repository\org\apache\httpcomponents\core5\httpcore5\5.3.4\httpcore5-5.3.4.jar;C:\Users\girijesh.pandey\.m2\repository\org\apache\httpcomponents\core5\httpcore5-h2\5.3.4\httpcore5-h2-5.3.4.jar;C:\Users\girijesh.pandey\.m2\repository\net\java\dev\jna\jna-platform\5.17.0\jna-platform-5.17.0.jar;C:\Users\girijesh.pandey\.m2\repository\org\testng\testng\7.10.0\testng-7.10.0.jar;C:\Users\girijesh.pandey\.m2\repository\com\beust\jcommander\1.82\jcommander-1.82.jar;C:\Users\girijesh.pandey\.m2\repository\org\webjars\jquery\3.7.1\jquery-3.7.1.jar;C:\Users\girijesh.pandey\.m2\repository\org\apache\poi\poi-ooxml\5.2.5\poi-ooxml-5.2.5.jar;C:\Users\girijesh.pandey\.m2\repository\org\apache\poi\poi\5.2.5\poi-5.2.5.jar;C:\Users\girijesh.pandey\.m2\repository\org\apache\commons\commons-math3\3.6.1\commons-math3-3.6.1.jar;C:\Users\girijesh.pandey\.m2\repository\com\zaxxer\SparseBitSet\1.3\SparseBitSet-1.3.jar;C:\Users\girijesh.pandey\.m2\repository\org\apache\poi\poi-ooxml-lite\5.2.5\poi-ooxml-lite-5.2.5.jar;C:\Users\girijesh.pandey\.m2\repository\org\apache\xmlbeans\xmlbeans\5.2.0\xmlbeans-5.2.0.jar;C:\Users\girijesh.pandey\.m2\repository\com\github\virtuald\curvesapi\1.08\curvesapi-1.08.jar;C:\Users\girijesh.pandey\.m2\repository\org\apache\logging\log4j\log4j-api\2.21.1\log4j-api-2.21.1.jar;C:\Users\girijesh.pandey\.m2\repository\org\apache\commons\commons-collections4\4.4\commons-collections4-4.4.jar;C:\Users\girijesh.pandey\.m2\repository\com\aventstack\extentreports\5.1.1\extentreports-5.1.1.jar;C:\Users\girijesh.pandey\.m2\repository\io\reactivex\rxjava3\rxjava\3.1.6\rxjava-3.1.6.jar;C:\Users\girijesh.pandey\.m2\repository\org\reactivestreams\reactive-streams\1.0.4\reactive-streams-1.0.4.jar;C:\Users\girijesh.pandey\.m2\repository\org\freemarker\freemarker\2.3.32\freemarker-2.3.32.jar;C:\Users\girijesh.pandey\.m2\repository\org\projectlombok\lombok\1.18.26\lombok-1.18.26.jar;C:\Users\girijesh.pandey\.m2\repository\commons-io\commons-io\2.15.1\commons-io-2.15.1.jar;C:\Users\girijesh.pandey\.m2\repository\io\cucumber\cucumber-java\7.27.1\cucumber-java-7.27.1.jar;C:\Users\girijesh.pandey\.m2\repository\io\cucumber\cucumber-core\7.27.1\cucumber-core-7.27.1.jar;C:\Users\girijesh.pandey\.m2\repository\io\cucumber\cucumber-gherkin\7.27.1\cucumber-gherkin-7.27.1.jar;C:\Users\girijesh.pandey\.m2\repository\io\cucumber\cucumber-gherkin-messages\7.27.1\cucumber-gherkin-messages-7.27.1.jar;C:\Users\girijesh.pandey\.m2\repository\io\cucumber\gherkin\34.0.0\gherkin-34.0.0.jar;C:\Users\girijesh.pandey\.m2\repository\org\assertj\assertj-core\3.27.4\assertj-core-3.27.4.jar;C:\Users\girijesh.pandey\.m2\repository\io\cucumber\messages\28.1.0\messages-28.1.0.jar;C:\Users\girijesh.pandey\.m2\repository\io\cucumber\pretty-formatter\2.1.0\pretty-formatter-2.1.0.jar;C:\Users\girijesh.pandey\.m2\repository\io\cucumber\query\13.6.0\query-13.6.0.jar;C:\Users\girijesh.pandey\.m2\repository\io\cucumber\testng-xml-formatter\0.5.0\testng-xml-formatter-0.5.0.jar;C:\Users\girijesh.pandey\.m2\repository\io\cucumber\tag-expressions\6.1.2\tag-expressions-6.1.2.jar;C:\Users\girijesh.pandey\.m2\repository\io\cucumber\cucumber-expressions\18.0.1\cucumber-expressions-18.0.1.jar;C:\Users\girijesh.pandey\.m2\repository\io\cucumber\datatable\7.27.1\datatable-7.27.1.jar;C:\Users\girijesh.pandey\.m2\repository\io\cucumber\cucumber-plugin\7.27.1\cucumber-plugin-7.27.1.jar;C:\Users\girijesh.pandey\.m2\repository\io\cucumber\docstring\7.27.1\docstring-7.27.1.jar;C:\Users\girijesh.pandey\.m2\repository\io\cucumber\html-formatter\21.13.0\html-formatter-21.13.0.jar;C:\Users\girijesh.pandey\.m2\repository\io\cucumber\junit-xml-formatter\0.8.1\junit-xml-formatter-0.8.1.jar;C:\Users\girijesh.pandey\.m2\repository\io\cucumber\ci-environment\10.0.1\ci-environment-10.0.1.jar;C:\Users\girijesh.pandey\.m2\repository\org\apiguardian\apiguardian-api\1.1.2\apiguardian-api-1.1.2.jar;C:\Users\girijesh.pandey\.m2\repository\io\cucumber\cucumber-testng\7.27.1\cucumber-testng-7.27.1.jar
Launcher Type: SUN_STANDARD

[Global flags]
     intx CICompilerCount                          = 4                                         {product} {ergonomic}
     uint ConcGCThreads                            = 2                                         {product} {ergonomic}
     uint G1ConcRefinementThreads                  = 8                                         {product} {ergonomic}
   size_t G1HeapRegionSize                         = 2097152                                   {product} {ergonomic}
   size_t InitialHeapSize                          = 264241152                                 {product} {ergonomic}
   size_t MarkStackSize                            = 4194304                                   {product} {ergonomic}
   size_t MarkStackSizeMax                         = 536870912                                 {product} {ergonomic}
   size_t MaxHeapSize                              = 4204789760                                {product} {ergonomic}
   size_t MaxNewSize                               = 2522873856                                {product} {ergonomic}
   size_t MinHeapDeltaBytes                        = 2097152                                   {product} {ergonomic}
   size_t MinHeapSize                              = 8388608                                   {product} {ergonomic}
    uintx NonNMethodCodeHeapSize                   = 5832704                                {pd product} {ergonomic}
    uintx NonProfiledCodeHeapSize                  = 122945536                              {pd product} {ergonomic}
    uintx ProfiledCodeHeapSize                     = 122880000                              {pd product} {ergonomic}
    uintx ReservedCodeCacheSize                    = 251658240                              {pd product} {ergonomic}
     bool SegmentedCodeCache                       = true                                      {product} {ergonomic}
   size_t SoftMaxHeapSize                          = 4204789760                             {manageable} {ergonomic}
     bool UseCompressedOops                        = true                           {product lp64_product} {ergonomic}
     bool UseG1GC                                  = true                                      {product} {ergonomic}
     bool UseLargePagesIndividualAllocation        = false                                  {pd product} {ergonomic}

Logging:
Log output configuration:
 #0: stdout all=warning uptime,level,tags foldmultilines=false
 #1: stderr all=off uptime,level,tags foldmultilines=false

Environment Variables:
JAVA_HOME=D:\java\jdk-23.0.1
PATH=C:\Python312\Scripts\;C:\Python312\;C:\Python311\Scripts\;C:\Python311\;C:\Program Files\Java\jdk-18.0.2.1\bin;C:\Program Files\Common Files\Oracle\Java\javapath;C:\Program Files (x86)\Common Files\Oracle\Java\javapath;C:\WINDOWS\system32;C:\WINDOWS;C:\WINDOWS\System32\Wbem;C:\WINDOWS\System32\WindowsPowerShell\v1.0\;C:\WINDOWS\System32\OpenSSH\;C:\strawberry\c\bin;C:\strawberry\perl\bin;C:\ProgramData\chocolatey\bin;C:\Program Files\nodejs\;D:\java\jdk-23.0.1\bin;D:\Android commad Line\latest\bin;D:\Android commad Line\build-tools;D:\Android commad Line\platform-tools;C:\Users\girijesh.pandey\AppData\Local\Programs\Python\Python312\Scripts\;C:\Users\girijesh.pandey\AppData\Local\Programs\Python\Python312\;C:\Users\girijesh.pandey\AppData\Local\Microsoft\WindowsApps;C:\Users\girijesh.pandey\AppData\Local\Programs\Microsoft VS Code\bin;C:\Users\girijesh.pandey\AppData\Roaming\npm;C:\Users\girijesh.pandey\AppData\Local\Programs\Git\cmd;C:\Users\girijesh.pandey\AppData\Local\Programs\IntelliJ IDEA Community Edition 2025.2\bin
USERNAME=girijesh.pandey
TERM=dumb
OS=Windows_NT
PROCESSOR_IDENTIFIER=Intel64 Family 6 Model 140 Stepping 1, GenuineIntel
TMP=C:\Users\GIRIJE~1.PAN\AppData\Local\Temp
TEMP=C:\Users\GIRIJE~1.PAN\AppData\Local\Temp




Periodic native trim disabled

---------------  S Y S T E M  ---------------

OS:
 Windows 11 , 64 bit Build 26100 (10.0.26100.4484)
OS uptime: 20 days 9:17 hours
Hyper-V role detected

CPU: total 8 (initial active 8) (4 cores per cpu, 2 threads per core) family 6 model 140 stepping 1 microcode 0xba, cx8, cmov, fxsr, ht, mmx, 3dnowpref, sse, sse2, sse3, ssse3, sse4.1, sse4.2, popcnt, lzcnt, tsc, tscinvbit, avx, avx2, aes, erms, clmul, bmi1, bmi2, adx, avx512f, avx512dq, avx512cd, avx512bw, avx512vl, sha, fma, vzeroupper, avx512_vpopcntdq, avx512_vpclmulqdq, avx512_vaes, avx512_vnni, clflush, clflushopt, clwb, avx512_vbmi2, avx512_vbmi, hv, rdtscp, rdpid, fsrm, gfni, avx512_bitalg, f16c, cet_ibt, cet_ss, avx512_ifma
Processor Information for the first 8 processors :
  Max Mhz: 2419, Current Mhz: 907, Mhz Limit: 895

Memory: 4k page, system-wide physical 16039M (4134M free)
TotalPageFile size 16039M (AvailPageFile size 2M)
current process WorkingSet (physical memory assigned to process): 138M, peak: 138M
current process commit charge ("private bytes"): 396M, peak: 396M

vm_info: Java HotSpot(TM) 64-Bit Server VM (23.0.1+11-39) for windows-amd64 JRE (23.0.1+11-39), built on 2024-09-30T07:20:43Z with MS VC++ 17.6 (VS2022)

END.
