#
# There is insufficient memory for the Java Runtime Environment to continue.
# Native memory allocation (mmap) failed to map 264241152 bytes. Error detail: G1 virtual space
# Possible reasons:
#   The system is out of physical RAM or swap space
#   This process is running with CompressedOops enabled, and the Java Heap may be blocking the growth of the native heap
# Possible solutions:
#   Reduce memory load on the system
#   Increase physical memory or swap space
#   Check if swap backing store is full
#   Decrease Java heap size (-Xmx/-Xms)
#   Decrease number of Java threads
#   Decrease Java thread stack sizes (-Xss)
#   Set larger code cache with -XX:ReservedCodeCacheSize=
#   JVM is running with Zero Based Compressed Oops mode in which the Java heap is
#     placed in the first 32GB address space. The Java Heap base address is the
#     maximum limit for the native heap growth. Please use -XX:HeapBaseMinAddress
#     to set the Java Heap base and to place the Java Heap above 32GB virtual address.
# This output file may be truncated or incomplete.
#
#  Out of Memory Error (os_windows.cpp:3703), pid=20196, tid=10740
#
# JRE version:  (23.0.1+11) (build )
# Java VM: Java HotSpot(TM) 64-Bit Server VM (23.0.1+11-39, mixed mode, sharing, tiered, compressed oops, compressed class ptrs, g1 gc, windows-amd64)
# No core dump will be written. Minidumps are not enabled by default on client versions of Windows
#

---------------  S U M M A R Y ------------

Command Line: -javaagent:C:\Users\girijesh.pandey\AppData\Local\JetBrains\IdeaIC2025.2\captureAgent\debugger-agent.jar=file:///C:/Users/GIRIJE~1.PAN/AppData/Local/Temp/capture6115592694984903555.props -ea -Didea.test.cyclic.buffer.size=1048576 -javaagent:C:\Users\girijesh.pandey\AppData\Local\Programs\IntelliJ IDEA Community Edition 2025.2\lib\idea_rt.jar=61260 -Dkotlinx.coroutines.debug.enable.creation.stack.trace=false -Ddebugger.agent.enable.coroutines=true -Dkotlinx.coroutines.debug.enable.flows.stack.trace=true -Dkotlinx.coroutines.debug.enable.mutable.state.flows.stack.trace=true -Dfile.encoding=UTF-8 -Dsun.stdout.encoding=UTF-8 -Dsun.stderr.encoding=UTF-8 com.intellij.rt.testng.RemoteTestNGStarter -usedefaultlisteners false -socket61259 @w@C:\Users\girijesh.pandey\AppData\Local\Temp\idea_working_dirs_testng.tmp -temp C:\Users\girijesh.pandey\AppData\Local\Temp\idea_testng.tmp

Host: 11th Gen Intel(R) Core(TM) i5-1135G7 @ 2.40GHz, 8 cores, 15G,  Windows 11 , 64 bit Build 26100 (10.0.26100.4484)
Time: Tue Aug 26 20:44:48 2025 India Standard Time elapsed time: 1.185807 seconds (0d 0h 0m 1s)

---------------  T H R E A D  ---------------

Current thread (0x00000226fb1c6280):  JavaThread "Unknown thread" [_thread_in_vm, id=10740, stack(0x00000028b1a00000,0x00000028b1b00000) (1024K)]

Stack: [0x00000028b1a00000,0x00000028b1b00000]
Native frames: (J=compiled Java code, j=interpreted, Vv=VM code, C=native code)
V  [jvm.dll+0x6e08b9]  (no source info available)
V  [jvm.dll+0x87dc83]  (no source info available)
V  [jvm.dll+0x88010e]  (no source info available)
V  [jvm.dll+0x8807e3]  (no source info available)
V  [jvm.dll+0x27aee6]  (no source info available)
V  [jvm.dll+0x6dd1c5]  (no source info available)
V  [jvm.dll+0x6d104a]  (no source info available)
V  [jvm.dll+0x35b3ea]  (no source info available)
V  [jvm.dll+0x3637f6]  (no source info available)
V  [jvm.dll+0x34fd5e]  (no source info available)
V  [jvm.dll+0x34fff8]  (no source info available)
V  [jvm.dll+0x3289cc]  (no source info available)
V  [jvm.dll+0x32966e]  (no source info available)
V  [jvm.dll+0x844355]  (no source info available)
V  [jvm.dll+0x3b9848]  (no source info available)
V  [jvm.dll+0x82d14c]  (no source info available)
V  [jvm.dll+0x454d4e]  (no source info available)
V  [jvm.dll+0x456bd1]  (no source info available)
C  [jli.dll+0x52a3]  (no source info available)
C  [ucrtbase.dll+0x37b0]  (no source info available)
C  [KERNEL32.DLL+0x2e8d7]  (no source info available)
C  [ntdll.dll+0x3c34c]  (no source info available)

Lock stack of current Java thread (top to bottom):


---------------  P R O C E S S  ---------------

Threads class SMR info:
_java_thread_list=0x00007ff971a63618, length=0, elements={
}

Java Threads: ( => current thread )
Total: 0

Other Threads:
  0x00000226fd613c50 WorkerThread "GC Thread#0"                     [id=7620, stack(0x00000028b1b00000,0x00000028b1c00000) (1024K)]
  0x00000226fd629a70 ConcurrentGCThread "G1 Main Marker"            [id=14160, stack(0x00000028b1c00000,0x00000028b1d00000) (1024K)]
  0x00000226fd62ac30 WorkerThread "G1 Conc#0"                       [id=17404, stack(0x00000028b1d00000,0x00000028b1e00000) (1024K)]

[error occurred during error reporting (printing all threads), id 0xc0000005, EXCEPTION_ACCESS_VIOLATION (0xc0000005) at pc=0x00007ff9711abfba]
VM state: not at safepoint (not fully initialized)

VM Mutex/Monitor currently owned by a thread:  ([mutex/lock_event])
[0x00007ff971ae3a10] Heap_lock - owner thread: 0x00000226fb1c6280

Heap address: 0x0000000705600000, size: 4010 MB, Compressed Oops mode: Zero based, Oop shift amount: 3

CDS archive(s) mapped at: [0x0000000000000000-0x0000000000000000-0x0000000000000000), size 0, SharedBaseAddress: 0x0000000800000000, ArchiveRelocationMode: 1.
Narrow klass base: 0x0000000000000000, Narrow klass shift: 0, Narrow klass range: 0x0

GC Precious Log:
 CardTable entry size: 512
 Card Set container configuration: InlinePtr #cards 4 size 8 Array Of Cards #cards 16 size 48 Howl #buckets 8 coarsen threshold 3686 Howl Bitmap #cards 512 size 80 coarsen threshold 460 Card regions per heap region 1 cards per card region 4096

Heap:
 garbage-first heap   total reserved 4106240K, committed 0K, used 0K [0x0000000705600000, 0x0000000800000000)
  region size 2048K, 0 young (0K), 0 survivors (0K)

[error occurred during error reporting (printing heap information), id 0xc0000005, EXCEPTION_ACCESS_VIOLATION (0xc0000005) at pc=0x00007ff9715ac3c9]
GC Heap History (0 events):
No events

Dll operation events (2 events):
Event: 0.025 Loaded shared library D:\java\jdk-23.0.1\bin\java.dll
Event: 0.028 Loaded shared library D:\java\jdk-23.0.1\bin\zip.dll

Deoptimization events (0 events):
No events

Classes loaded (0 events):
No events

Classes unloaded (0 events):
No events

Classes redefined (0 events):
No events

Internal exceptions (0 events):
No events

VM Operations (0 events):
No events

Memory protections (0 events):
No events

Nmethod flushes (0 events):
No events

Events (0 events):
No events


Dynamic libraries:
0x00007ff7fd6a0000 - 0x00007ff7fd6b0000 	D:\java\jdk-23.0.1\bin\java.exe
0x00007ff9c7300000 - 0x00007ff9c7568000 	C:\WINDOWS\SYSTEM32\ntdll.dll
0x00007ff9c5be0000 - 0x00007ff9c5ca9000 	C:\WINDOWS\System32\KERNEL32.DLL
0x00007ff9c4b00000 - 0x00007ff9c4eed000 	C:\WINDOWS\System32\KERNELBASE.dll
0x00007ff9c4590000 - 0x00007ff9c46db000 	C:\WINDOWS\System32\ucrtbase.dll
0x00007ff9be990000 - 0x00007ff9be9a7000 	D:\java\jdk-23.0.1\bin\jli.dll
0x00007ff9be9b0000 - 0x00007ff9be9cb000 	D:\java\jdk-23.0.1\bin\VCRUNTIME140.dll
0x00007ff9c5a00000 - 0x00007ff9c5bcc000 	C:\WINDOWS\System32\USER32.dll
0x00007ff9a60a0000 - 0x00007ff9a633a000 	C:\WINDOWS\WinSxS\amd64_microsoft.windows.common-controls_6595b64144ccf1df_6.0.26100.4484_none_3e0e6d4ce32ef3b3\COMCTL32.dll
0x00007ff9c4ef0000 - 0x00007ff9c4f17000 	C:\WINDOWS\System32\win32u.dll
0x00007ff9c5730000 - 0x00007ff9c57d9000 	C:\WINDOWS\System32\msvcrt.dll
0x00007ff9c5360000 - 0x00007ff9c538b000 	C:\WINDOWS\System32\GDI32.dll
0x00007ff9c4450000 - 0x00007ff9c4587000 	C:\WINDOWS\System32\gdi32full.dll
0x00007ff9c46e0000 - 0x00007ff9c4783000 	C:\WINDOWS\System32\msvcp_win.dll
0x00007ff9c5850000 - 0x00007ff9c587f000 	C:\WINDOWS\System32\IMM32.DLL
0x00000226fcb70000 - 0x00000226fcb86000 	C:\WINDOWS\System32\umppc19907.dll
0x00000226fcbb0000 - 0x00000226fcbc3000 	C:\WINDOWS\System32\CsXumd64_19907.dll
0x00007ff9c10f0000 - 0x00007ff9c10fc000 	D:\java\jdk-23.0.1\bin\vcruntime140_1.dll
0x00007ff9a22d0000 - 0x00007ff9a235e000 	D:\java\jdk-23.0.1\bin\msvcp140.dll
0x00007ff970e70000 - 0x00007ff971bbf000 	D:\java\jdk-23.0.1\bin\server\jvm.dll
0x00007ff9c66e0000 - 0x00007ff9c6794000 	C:\WINDOWS\System32\ADVAPI32.dll
0x00007ff9c6f30000 - 0x00007ff9c6fd6000 	C:\WINDOWS\System32\sechost.dll
0x00007ff9c5e70000 - 0x00007ff9c5f88000 	C:\WINDOWS\System32\RPCRT4.dll
0x00007ff9c6eb0000 - 0x00007ff9c6f24000 	C:\WINDOWS\System32\WS2_32.dll
0x00007ff9c42a0000 - 0x00007ff9c42fe000 	C:\WINDOWS\SYSTEM32\POWRPROF.dll
0x00007ff9b8a40000 - 0x00007ff9b8a75000 	C:\WINDOWS\SYSTEM32\WINMM.dll
0x00007ff9b1070000 - 0x00007ff9b107b000 	C:\WINDOWS\SYSTEM32\VERSION.dll
0x00007ff9c4280000 - 0x00007ff9c4294000 	C:\WINDOWS\SYSTEM32\UMPDC.dll
0x00007ff9c3080000 - 0x00007ff9c309b000 	C:\WINDOWS\SYSTEM32\kernel.appcore.dll
0x00007ff9c10a0000 - 0x00007ff9c10aa000 	D:\java\jdk-23.0.1\bin\jimage.dll
0x00007ff9c0b80000 - 0x00007ff9c0dc1000 	C:\WINDOWS\SYSTEM32\DBGHELP.DLL
0x00007ff9c5390000 - 0x00007ff9c5716000 	C:\WINDOWS\System32\combase.dll
0x00007ff9c5270000 - 0x00007ff9c5350000 	C:\WINDOWS\System32\OLEAUT32.dll
0x00007ff996d00000 - 0x00007ff996d43000 	C:\WINDOWS\SYSTEM32\dbgcore.DLL
0x00007ff9c49a0000 - 0x00007ff9c4a39000 	C:\WINDOWS\System32\bcryptPrimitives.dll
0x00007ff9b17c0000 - 0x00007ff9b17cf000 	D:\java\jdk-23.0.1\bin\instrument.dll
0x00007ff9b0c10000 - 0x00007ff9b0c2e000 	D:\java\jdk-23.0.1\bin\java.dll
0x00007ff9c67a0000 - 0x00007ff9c693e000 	C:\WINDOWS\System32\ole32.dll
0x00007ff9c5f90000 - 0x00007ff9c66da000 	C:\WINDOWS\System32\SHELL32.dll
0x00007ff9c4790000 - 0x00007ff9c4904000 	C:\WINDOWS\System32\wintypes.dll
0x00007ff9b08d0000 - 0x00007ff9b08e7000 	D:\java\jdk-23.0.1\bin\zip.dll

dbghelp: loaded successfully - version: 4.0.5 - missing functions: none
symbol engine: initialized successfully - sym options: 0x614 - pdb path: .;D:\java\jdk-23.0.1\bin;C:\WINDOWS\SYSTEM32;C:\WINDOWS\WinSxS\amd64_microsoft.windows.common-controls_6595b64144ccf1df_6.0.26100.4484_none_3e0e6d4ce32ef3b3;D:\java\jdk-23.0.1\bin\server

VM Arguments:
jvm_args: -javaagent:C:\Users\girijesh.pandey\AppData\Local\JetBrains\IdeaIC2025.2\captureAgent\debugger-agent.jar=file:///C:/Users/GIRIJE~1.PAN/AppData/Local/Temp/capture6115592694984903555.props -ea -Didea.test.cyclic.buffer.size=1048576 -javaagent:C:\Users\girijesh.pandey\AppData\Local\Programs\IntelliJ IDEA Community Edition 2025.2\lib\idea_rt.jar=61260 -Dkotlinx.coroutines.debug.enable.creation.stack.trace=false -Ddebugger.agent.enable.coroutines=true -Dkotlinx.coroutines.debug.enable.flows.stack.trace=true -Dkotlinx.coroutines.debug.enable.mutable.state.flows.stack.trace=true -Dfile.encoding=UTF-8 -Dsun.stdout.encoding=UTF-8 -Dsun.stderr.encoding=UTF-8 
java_command: com.intellij.rt.testng.RemoteTestNGStarter -usedefaultlisteners false -socket61259 @w@C:\Users\girijesh.pandey\AppData\Local\Temp\idea_working_dirs_testng.tmp -temp C:\Users\girijesh.pandey\AppData\Local\Temp\idea_testng.tmp
java_class_path (initial): C:\Users\girijesh.pandey\AppData\Local\Programs\IntelliJ IDEA Community Edition 2025.2\lib\idea_rt.jar;C:\Users\girijesh.pandey\AppData\Local\Programs\IntelliJ IDEA Community Edition 2025.2\plugins\testng\lib\testng-rt.jar;D:\workspace\EssAutomation\target\test-classes;D:\workspace\EssAutomation\target\classes;C:\Users\girijesh.pandey\.m2\repository\org\seleniumhq\selenium\selenium-java\4.21.0\selenium-java-4.21.0.jar;C:\Users\girijesh.pandey\.m2\repository\org\seleniumhq\selenium\selenium-api\4.21.0\selenium-api-4.21.0.jar;C:\Users\girijesh.pandey\.m2\repository\org\seleniumhq\selenium\selenium-chrome-driver\4.21.0\selenium-chrome-driver-4.21.0.jar;C:\Users\girijesh.pandey\.m2\repository\com\google\auto\service\auto-service-annotations\1.1.1\auto-service-annotations-1.1.1.jar;C:\Users\girijesh.pandey\.m2\repository\org\seleniumhq\selenium\selenium-chromium-driver\4.21.0\selenium-chromium-driver-4.21.0.jar;C:\Users\girijesh.pandey\.m2\repository\org\seleniumhq\selenium\selenium-json\4.21.0\selenium-json-4.21.0.jar;C:\Users\girijesh.pandey\.m2\repository\org\seleniumhq\selenium\selenium-manager\4.21.0\selenium-manager-4.21.0.jar;C:\Users\girijesh.pandey\.m2\repository\org\seleniumhq\selenium\selenium-devtools-v123\4.21.0\selenium-devtools-v123-4.21.0.jar;C:\Users\girijesh.pandey\.m2\repository\org\seleniumhq\selenium\selenium-devtools-v124\4.21.0\selenium-devtools-v124-4.21.0.jar;C:\Users\girijesh.pandey\.m2\repository\org\seleniumhq\selenium\selenium-devtools-v125\4.21.0\selenium-devtools-v125-4.21.0.jar;C:\Users\girijesh.pandey\.m2\repository\org\seleniumhq\selenium\selenium-devtools-v85\4.21.0\selenium-devtools-v85-4.21.0.jar;C:\Users\girijesh.pandey\.m2\repository\org\seleniumhq\selenium\selenium-edge-driver\4.21.0\selenium-edge-driver-4.21.0.jar;C:\Users\girijesh.pandey\.m2\repository\org\seleniumhq\selenium\selenium-firefox-driver\4.21.0\selenium-firefox-driver-4.21.0.jar;C:\Users\girijesh.pandey\.m2\repository\org\seleniumhq\selenium\selenium-http\4.21.0\selenium-http-4.21.0.jar;C:\Users\girijesh.pandey\.m2\repository\dev\failsafe\failsafe\3.3.2\failsafe-3.3.2.jar;C:\Users\girijesh.pandey\.m2\repository\org\seleniumhq\selenium\selenium-ie-driver\4.21.0\selenium-ie-driver-4.21.0.jar;C:\Users\girijesh.pandey\.m2\repository\org\seleniumhq\selenium\selenium-remote-driver\4.21.0\selenium-remote-driver-4.21.0.jar;C:\Users\girijesh.pandey\.m2\repository\com\google\guava\guava\33.2.0-jre\guava-33.2.0-jre.jar;C:\Users\girijesh.pandey\.m2\repository\com\google\guava\failureaccess\1.0.2\failureaccess-1.0.2.jar;C:\Users\girijesh.pandey\.m2\repository\com\google\guava\listenablefuture\9999.0-empty-to-avoid-conflict-with-guava\listenablefuture-9999.0-empty-to-avoid-conflict-with-guava.jar;C:\Users\girijesh.pandey\.m2\repository\com\google\code\findbugs\jsr305\3.0.2\jsr305-3.0.2.jar;C:\Users\girijesh.pandey\.m2\repository\org\checkerframework\checker-qual\3.42.0\checker-qual-3.42.0.jar;C:\Users\girijesh.pandey\.m2\repository\com\google\j2objc\j2objc-annotations\3.0.0\j2objc-annotations-3.0.0.jar;C:\Users\girijesh.pandey\.m2\repository\io\opentelemetry\semconv\opentelemetry-semconv\1.25.0-alpha\opentelemetry-semconv-1.25.0-alpha.jar;C:\Users\girijesh.pandey\.m2\repository\io\opentelemetry\opentelemetry-api\1.38.0\opentelemetry-api-1.38.0.jar;C:\Users\girijesh.pandey\.m2\repository\io\opentelemetry\opentelemetry-context\1.38.0\opentelemetry-context-1.38.0.jar;C:\Users\girijesh.pandey\.m2\repository\io\opentelemetry\opentelemetry-exporter-logging\1.38.0\opentelemetry-exporter-logging-1.38.0.jar;C:\Users\girijesh.pandey\.m2\repository\io\opentelemetry\opentelemetry-sdk-common\1.38.0\opentelemetry-sdk-common-1.38.0.jar;C:\Users\girijesh.pandey\.m2\repository\io\opentelemetry\opentelemetry-sdk-extension-autoconfigure-spi\1.38.0\opentelemetry-sdk-extension-autoconfigure-spi-1.38.0.jar;C:\Users\girijesh.pandey\.m2\repository\io\opentelemetry\opentelemetry-sdk-extension-autoconfigure\1.38.0\opentelemetry-sdk-extension-autoconfigure-1.38.0.jar;C:\Users\girijesh.pandey\.m2\repository\io\opentelemetry\opentelemetry-api-incubator\1.38.0-alpha\opentelemetry-api-incubator-1.38.0-alpha.jar;C:\Users\girijesh.pandey\.m2\repository\io\opentelemetry\opentelemetry-sdk-trace\1.38.0\opentelemetry-sdk-trace-1.38.0.jar;C:\Users\girijesh.pandey\.m2\repository\io\opentelemetry\opentelemetry-sdk\1.38.0\opentelemetry-sdk-1.38.0.jar;C:\Users\girijesh.pandey\.m2\repository\io\opentelemetry\opentelemetry-sdk-metrics\1.38.0\opentelemetry-sdk-metrics-1.38.0.jar;C:\Users\girijesh.pandey\.m2\repository\io\opentelemetry\opentelemetry-sdk-logs\1.38.0\opentelemetry-sdk-logs-1.38.0.jar;C:\Users\girijesh.pandey\.m2\repository\net\bytebuddy\byte-buddy\1.14.15\byte-buddy-1.14.15.jar;C:\Users\girijesh.pandey\.m2\repository\org\seleniumhq\selenium\selenium-os\4.21.0\selenium-os-4.21.0.jar;C:\Users\girijesh.pandey\.m2\repository\org\apache\commons\commons-exec\1.4.0\commons-exec-1.4.0.jar;C:\Users\girijesh.pandey\.m2\repository\org\seleniumhq\selenium\selenium-safari-driver\4.21.0\selenium-safari-driver-4.21.0.jar;C:\Users\girijesh.pandey\.m2\repository\org\seleniumhq\selenium\selenium-support\4.21.0\selenium-support-4.21.0.jar;C:\Users\girijesh.pandey\.m2\repository\io\github\bonigarcia\webdrivermanager\6.2.0\webdrivermanager-6.2.0.jar;C:\Users\girijesh.pandey\.m2\repository\org\slf4j\slf4j-api\2.0.17\slf4j-api-2.0.17.jar;C:\Users\girijesh.pandey\.m2\repository\com\google\code\gson\gson\2.13.1\gson-2.13.1.jar;C:\Users\girijesh.pandey\.m2\repository\com\google\errorprone\error_prone_annotations\2.38.0\error_prone_annotations-2.38.0.jar;C:\Users\girijesh.pandey\.m2\repository\com\github\docker-java\docker-java\3.5.3\docker-java-3.5.3.jar;C:\Users\girijesh.pandey\.m2\repository\com\github\docker-java\docker-java-core\3.5.3\docker-java-core-3.5.3.jar;C:\Users\girijesh.pandey\.m2\repository\com\github\docker-java\docker-java-api\3.5.3\docker-java-api-3.5.3.jar;C:\Users\girijesh.pandey\.m2\repository\com\fasterxml\jackson\core\jackson-annotations\2.18.4\jackson-annotations-2.18.4.jar;C:\Users\girijesh.pandey\.m2\repository\com\fasterxml\jackson\core\jackson-databind\2.18.4\jackson-databind-2.18.4.jar;C:\Users\girijesh.pandey\.m2\repository\com\fasterxml\jackson\core\jackson-core\2.18.4\jackson-core-2.18.4.jar;C:\Users\girijesh.pandey\.m2\repository\org\slf4j\jcl-over-slf4j\1.7.30\jcl-over-slf4j-1.7.30.jar;C:\Users\girijesh.pandey\.m2\repository\com\github\docker-java\docker-java-transport-httpclient5\3.5.3\docker-java-transport-httpclient5-3.5.3.jar;C:\Users\girijesh.pandey\.m2\repository\com\github\docker-java\docker-java-transport\3.5.3\docker-java-transport-3.5.3.jar;C:\Users\girijesh.pandey\.m2\repository\net\java\dev\jna\jna\5.17.0\jna-5.17.0.jar;C:\Users\girijesh.pandey\.m2\repository\org\brotli\dec\0.1.2\dec-0.1.2.jar;C:\Users\girijesh.pandey\.m2\repository\org\apache\commons\commons-lang3\3.18.0\commons-lang3-3.18.0.jar;C:\Users\girijesh.pandey\.m2\repository\org\apache\commons\commons-compress\1.27.1\commons-compress-1.27.1.jar;C:\Users\girijesh.pandey\.m2\repository\commons-codec\commons-codec\1.17.1\commons-codec-1.17.1.jar;C:\Users\girijesh.pandey\.m2\repository\org\apache\httpcomponents\client5\httpclient5\5.4.3\httpclient5-5.4.3.jar;C:\Users\girijesh.pandey\.m2\repository\org\apache\httpcomponents\core5\httpcore5\5.3.4\httpcore5-5.3.4.jar;C:\Users\girijesh.pandey\.m2\repository\org\apache\httpcomponents\core5\httpcore5-h2\5.3.4\httpcore5-h2-5.3.4.jar;C:\Users\girijesh.pandey\.m2\repository\net\java\dev\jna\jna-platform\5.17.0\jna-platform-5.17.0.jar;C:\Users\girijesh.pandey\.m2\repository\org\testng\testng\7.10.0\testng-7.10.0.jar;C:\Users\girijesh.pandey\.m2\repository\com\beust\jcommander\1.82\jcommander-1.82.jar;C:\Users\girijesh.pandey\.m2\repository\org\webjars\jquery\3.7.1\jquery-3.7.1.jar;C:\Users\girijesh.pandey\.m2\repository\org\apache\poi\poi-ooxml\5.2.5\poi-ooxml-5.2.5.jar;C:\Users\girijesh.pandey\.m2\repository\org\apache\poi\poi\5.2.5\poi-5.2.5.jar;C:\Users\girijesh.pandey\.m2\repository\org\apache\commons\commons-math3\3.6.1\commons-math3-3.6.1.jar;C:\Users\girijesh.pandey\.m2\repository\com\zaxxer\SparseBitSet\1.3\SparseBitSet-1.3.jar;C:\Users\girijesh.pandey\.m2\repository\org\apache\poi\poi-ooxml-lite\5.2.5\poi-ooxml-lite-5.2.5.jar;C:\Users\girijesh.pandey\.m2\repository\org\apache\xmlbeans\xmlbeans\5.2.0\xmlbeans-5.2.0.jar;C:\Users\girijesh.pandey\.m2\repository\com\github\virtuald\curvesapi\1.08\curvesapi-1.08.jar;C:\Users\girijesh.pandey\.m2\repository\org\apache\logging\log4j\log4j-api\2.21.1\log4j-api-2.21.1.jar;C:\Users\girijesh.pandey\.m2\repository\org\apache\commons\commons-collections4\4.4\commons-collections4-4.4.jar;C:\Users\girijesh.pandey\.m2\repository\com\aventstack\extentreports\5.1.1\extentreports-5.1.1.jar;C:\Users\girijesh.pandey\.m2\repository\io\reactivex\rxjava3\rxjava\3.1.6\rxjava-3.1.6.jar;C:\Users\girijesh.pandey\.m2\repository\org\reactivestreams\reactive-streams\1.0.4\reactive-streams-1.0.4.jar;C:\Users\girijesh.pandey\.m2\repository\org\freemarker\freemarker\2.3.32\freemarker-2.3.32.jar;C:\Users\girijesh.pandey\.m2\repository\org\projectlombok\lombok\1.18.26\lombok-1.18.26.jar;C:\Users\girijesh.pandey\.m2\repository\commons-io\commons-io\2.15.1\commons-io-2.15.1.jar;C:\Users\girijesh.pandey\.m2\repository\io\cucumber\cucumber-java\7.27.1\cucumber-java-7.27.1.jar;C:\Users\girijesh.pandey\.m2\repository\io\cucumber\cucumber-core\7.27.1\cucumber-core-7.27.1.jar;C:\Users\girijesh.pandey\.m2\repository\io\cucumber\cucumber-gherkin\7.27.1\cucumber-gherkin-7.27.1.jar;C:\Users\girijesh.pandey\.m2\repository\io\cucumber\cucumber-gherkin-messages\7.27.1\cucumber-gherkin-messages-7.27.1.jar;C:\Users\girijesh.pandey\.m2\repository\io\cucumber\gherkin\34.0.0\gherkin-34.0.0.jar;C:\Users\girijesh.pandey\.m2\repository\org\assertj\assertj-core\3.27.4\assertj-core-3.27.4.jar;C:\Users\girijesh.pandey\.m2\repository\io\cucumber\messages\28.1.0\messages-28.1.0.jar;C:\Users\girijesh.pandey\.m2\repository\io\cucumber\pretty-formatter\2.1.0\pretty-formatter-2.1.0.jar;C:\Users\girijesh.pandey\.m2\repository\io\cucumber\query\13.6.0\query-13.6.0.jar;C:\Users\girijesh.pandey\.m2\repository\io\cucumber\testng-xml-formatter\0.5.0\testng-xml-formatter-0.5.0.jar;C:\Users\girijesh.pandey\.m2\repository\io\cucumber\tag-expressions\6.1.2\tag-expressions-6.1.2.jar;C:\Users\girijesh.pandey\.m2\repository\io\cucumber\cucumber-expressions\18.0.1\cucumber-expressions-18.0.1.jar;C:\Users\girijesh.pandey\.m2\repository\io\cucumber\datatable\7.27.1\datatable-7.27.1.jar;C:\Users\girijesh.pandey\.m2\repository\io\cucumber\cucumber-plugin\7.27.1\cucumber-plugin-7.27.1.jar;C:\Users\girijesh.pandey\.m2\repository\io\cucumber\docstring\7.27.1\docstring-7.27.1.jar;C:\Users\girijesh.pandey\.m2\repository\io\cucumber\html-formatter\21.13.0\html-formatter-21.13.0.jar;C:\Users\girijesh.pandey\.m2\repository\io\cucumber\junit-xml-formatter\0.8.1\junit-xml-formatter-0.8.1.jar;C:\Users\girijesh.pandey\.m2\repository\io\cucumber\ci-environment\10.0.1\ci-environment-10.0.1.jar;C:\Users\girijesh.pandey\.m2\repository\org\apiguardian\apiguardian-api\1.1.2\apiguardian-api-1.1.2.jar;C:\Users\girijesh.pandey\.m2\repository\io\cucumber\cucumber-testng\7.27.1\cucumber-testng-7.27.1.jar
Launcher Type: SUN_STANDARD

[Global flags]
     intx CICompilerCount                          = 4                                         {product} {ergonomic}
     uint ConcGCThreads                            = 2                                         {product} {ergonomic}
     uint G1ConcRefinementThreads                  = 8                                         {product} {ergonomic}
   size_t G1HeapRegionSize                         = 2097152                                   {product} {ergonomic}
   size_t InitialHeapSize                          = 264241152                                 {product} {ergonomic}
   size_t MarkStackSize                            = 4194304                                   {product} {ergonomic}
   size_t MarkStackSizeMax                         = 536870912                                 {product} {ergonomic}
   size_t MaxHeapSize                              = 4204789760                                {product} {ergonomic}
   size_t MinHeapDeltaBytes                        = 2097152                                   {product} {ergonomic}
   size_t MinHeapSize                              = 8388608                                   {product} {ergonomic}
    uintx NonNMethodCodeHeapSize                   = 5832704                                {pd product} {ergonomic}
    uintx NonProfiledCodeHeapSize                  = 122945536                              {pd product} {ergonomic}
    uintx ProfiledCodeHeapSize                     = 122880000                              {pd product} {ergonomic}
    uintx ReservedCodeCacheSize                    = 251658240                              {pd product} {ergonomic}
     bool SegmentedCodeCache                       = true                                      {product} {ergonomic}
   size_t SoftMaxHeapSize                          = 4204789760                             {manageable} {ergonomic}
     bool UseCompressedOops                        = true                           {product lp64_product} {ergonomic}
     bool UseG1GC                                  = true                                      {product} {ergonomic}
     bool UseLargePagesIndividualAllocation        = false                                  {pd product} {ergonomic}

Logging:
Log output configuration:
 #0: stdout all=warning uptime,level,tags foldmultilines=false
 #1: stderr all=off uptime,level,tags foldmultilines=false

Environment Variables:
JAVA_HOME=D:\java\jdk-23.0.1
PATH=C:\Python312\Scripts\;C:\Python312\;C:\Python311\Scripts\;C:\Python311\;C:\Program Files\Java\jdk-18.0.2.1\bin;C:\Program Files\Common Files\Oracle\Java\javapath;C:\Program Files (x86)\Common Files\Oracle\Java\javapath;C:\WINDOWS\system32;C:\WINDOWS;C:\WINDOWS\System32\Wbem;C:\WINDOWS\System32\WindowsPowerShell\v1.0\;C:\WINDOWS\System32\OpenSSH\;C:\strawberry\c\bin;C:\strawberry\perl\bin;C:\ProgramData\chocolatey\bin;C:\Program Files\nodejs\;D:\java\jdk-23.0.1\bin;D:\Android commad Line\latest\bin;D:\Android commad Line\build-tools;D:\Android commad Line\platform-tools;C:\Users\girijesh.pandey\AppData\Local\Programs\Python\Python312\Scripts\;C:\Users\girijesh.pandey\AppData\Local\Programs\Python\Python312\;C:\Users\girijesh.pandey\AppData\Local\Microsoft\WindowsApps;C:\Users\girijesh.pandey\AppData\Local\Programs\Microsoft VS Code\bin;C:\Users\girijesh.pandey\AppData\Roaming\npm;C:\Users\girijesh.pandey\AppData\Local\Programs\Git\cmd;C:\Users\girijesh.pandey\AppData\Local\Programs\IntelliJ IDEA Community Edition 2025.2\bin
USERNAME=girijesh.pandey
TERM=dumb
OS=Windows_NT
PROCESSOR_IDENTIFIER=Intel64 Family 6 Model 140 Stepping 1, GenuineIntel
TMP=C:\Users\GIRIJE~1.PAN\AppData\Local\Temp
TEMP=C:\Users\GIRIJE~1.PAN\AppData\Local\Temp




Periodic native trim disabled

---------------  S Y S T E M  ---------------

OS:
 Windows 11 , 64 bit Build 26100 (10.0.26100.4484)
OS uptime: 20 days 9:19 hours
Hyper-V role detected

CPU: total 8 (initial active 8) (4 cores per cpu, 2 threads per core) family 6 model 140 stepping 1 microcode 0xba, cx8, cmov, fxsr, ht, mmx, 3dnowpref, sse, sse2, sse3, ssse3, sse4.1, sse4.2, popcnt, lzcnt, tsc, tscinvbit, avx, avx2, aes, erms, clmul, bmi1, bmi2, adx, avx512f, avx512dq, avx512cd, avx512bw, avx512vl, sha, fma, vzeroupper, avx512_vpopcntdq, avx512_vpclmulqdq, avx512_vaes, avx512_vnni, clflush, clflushopt, clwb, avx512_vbmi2, avx512_vbmi, hv, rdtscp, rdpid, fsrm, gfni, avx512_bitalg, f16c, cet_ibt, cet_ss, avx512_ifma
Processor Information for the first 8 processors :
  Max Mhz: 2419, Current Mhz: 907, Mhz Limit: 895

Memory: 4k page, system-wide physical 16039M (4107M free)
TotalPageFile size 16039M (AvailPageFile size 72M)
current process WorkingSet (physical memory assigned to process): 14M, peak: 14M
current process commit charge ("private bytes"): 61M, peak: 313M

vm_info: Java HotSpot(TM) 64-Bit Server VM (23.0.1+11-39) for windows-amd64 JRE (23.0.1+11-39), built on 2024-09-30T07:20:43Z with MS VC++ 17.6 (VS2022)

END.
